INFO: 2022-08-04 07:10:06,381 : ----------------------------------------------------------------------------------------------------experiment start!----------------------------------------------------------------------------------------------------
INFO: 2022-08-04 07:10:06,381 : FSL_learning: 	 n_way: 5  	 k_shot: 5
INFO: 2022-08-04 07:10:06,381 : {'gpu': 0, 'fsl_val': True, 'n_way': 5, 'k_shot': 5, 'q_shot': 100, 'num_sim': 5, 'net': 'resnet12', 'not_use_mosaic': True, 'sim_way': 1, 'dist_scale': 1.0, 'boundingbox': False, 'sim_mix': False, 'randomMosaic': True, 'mosaic_baseSize': 0.5, 'size_bias': 0, 'mosaic_num': 100, 'Novel_Mosaic_rate': 1.0, 'Location': True, 'no_pretrained': False, 'id': 1510, 'Epoch': 50, 'beta': 0.6, 'lr_base': 0.0004, 'train_head': False, 'proto_loss': True, 'have_Original': True, 'mosaic_ori_num': 3, 'idx_task': None, 'num_task': 100, 'dataset': 'mini_imagenet', 'Few_loss': False, 'grid': 3, 'baseline': False, 'random_mosaic': False, 'yaml': None, 'test_mosaic': False}
INFO: 2022-08-04 07:10:06,386 : model parameters :  
INFO: 2022-08-04 07:10:06,386 : {'alpha': 1, 'beta_moving': 0.66, 'num_cls': 5, 'lr': 0.002, 'Epoch_num': 20, 'optimizer': 'SGD', 'weight_decay': '1e-4', 'lr_decay': True, 'decay_lr': 0.4, 'momentum': 0.9, 'temperature': 4, 'lr_decay_tactics': 'MultiStepLR', 'markstone': [20, 40, 60, 80, 160], 'scale_backbone': 0.1}
INFO: 2022-08-04 07:10:13,330 : ----------------------------------------------------------------------------------------------------experiment start!----------------------------------------------------------------------------------------------------
INFO: 2022-08-04 07:10:13,330 : FSL_learning: 	 n_way: 5  	 k_shot: 5
INFO: 2022-08-04 07:10:13,330 : {'gpu': 0, 'fsl_val': True, 'n_way': 5, 'k_shot': 5, 'q_shot': 100, 'num_sim': 5, 'net': 'resnet12', 'not_use_mosaic': True, 'sim_way': 1, 'dist_scale': 1.0, 'boundingbox': False, 'sim_mix': False, 'randomMosaic': True, 'mosaic_baseSize': 0.5, 'size_bias': 0, 'mosaic_num': 100, 'Novel_Mosaic_rate': 1.0, 'Location': True, 'no_pretrained': False, 'id': 1510, 'Epoch': 50, 'beta': 0.6, 'lr_base': 0.0001, 'train_head': False, 'proto_loss': True, 'have_Original': True, 'mosaic_ori_num': 3, 'idx_task': None, 'num_task': 100, 'dataset': 'mini_imagenet', 'Few_loss': False, 'grid': 3, 'baseline': False, 'random_mosaic': False, 'yaml': None, 'test_mosaic': False}
INFO: 2022-08-04 07:10:13,334 : model parameters :  
INFO: 2022-08-04 07:10:13,334 : {'alpha': 1, 'beta_moving': 0.66, 'num_cls': 5, 'lr': 0.002, 'Epoch_num': 20, 'optimizer': 'SGD', 'weight_decay': '1e-4', 'lr_decay': True, 'decay_lr': 0.4, 'momentum': 0.9, 'temperature': 4, 'lr_decay_tactics': 'MultiStepLR', 'markstone': [20, 40, 60, 80, 160], 'scale_backbone': 0.1}
INFO: 2022-08-04 07:10:16,934 : Sample FSL classes:   
INFO: 2022-08-04 07:10:16,934 : [6, 4, 0, 10, 5]
INFO: 2022-08-04 07:10:17,092 : Few-shot model start training...
INFO: 2022-08-04 07:10:21,480 : Epoch 0 of 50 :  	  Step 0 of 40: 	 loss_train: 0.6049 	 loss_classification: 0.1741 	loss_Location: 0.7181
INFO: 2022-08-04 07:11:40,247 : Epoch 0 of 50:  	 Dev_Acc : 0.8080  	 Best_Dev_Acc:0.8080
INFO: 2022-08-04 07:11:44,104 : Epoch 1 of 50 :  	  Step 0 of 40: 	 loss_train: 0.3639 	 loss_classification: 0.0112 	loss_Location: 0.5878
INFO: 2022-08-04 07:12:59,978 : Epoch 1 of 50:  	 Dev_Acc : 0.8060  	 Best_Dev_Acc:0.8080
INFO: 2022-08-04 07:13:03,851 : Epoch 2 of 50 :  	  Step 0 of 40: 	 loss_train: 0.2811 	 loss_classification: 0.0030 	loss_Location: 0.4636
INFO: 2022-08-04 07:14:23,398 : Epoch 2 of 50:  	 Dev_Acc : 0.8060  	 Best_Dev_Acc:0.8080
INFO: 2022-08-04 07:14:27,862 : Epoch 3 of 50 :  	  Step 0 of 40: 	 loss_train: 0.2264 	 loss_classification: 0.0024 	loss_Location: 0.3733
INFO: 2022-08-04 07:15:44,024 : Epoch 3 of 50:  	 Dev_Acc : 0.8160  	 Best_Dev_Acc:0.8160
INFO: 2022-08-04 07:15:48,101 : Epoch 4 of 50 :  	  Step 0 of 40: 	 loss_train: 0.1855 	 loss_classification: 0.0011 	loss_Location: 0.3075
INFO: 2022-08-04 07:17:05,409 : Epoch 4 of 50:  	 Dev_Acc : 0.8120  	 Best_Dev_Acc:0.8160
INFO: 2022-08-04 07:17:10,037 : Epoch 5 of 50 :  	  Step 0 of 40: 	 loss_train: 0.1540 	 loss_classification: 0.0015 	loss_Location: 0.2542
INFO: 2022-08-04 07:18:25,041 : Epoch 5 of 50:  	 Dev_Acc : 0.8100  	 Best_Dev_Acc:0.8160
INFO: 2022-08-04 07:18:29,943 : Epoch 6 of 50 :  	  Step 0 of 40: 	 loss_train: 0.1310 	 loss_classification: 0.0015 	loss_Location: 0.2159
INFO: 2022-08-04 07:19:45,818 : Epoch 6 of 50:  	 Dev_Acc : 0.8040  	 Best_Dev_Acc:0.8160
INFO: 2022-08-04 07:19:50,509 : Epoch 7 of 50 :  	  Step 0 of 40: 	 loss_train: 0.1119 	 loss_classification: 0.0005 	loss_Location: 0.1858
INFO: 2022-08-04 07:21:07,816 : Epoch 7 of 50:  	 Dev_Acc : 0.8140  	 Best_Dev_Acc:0.8160
INFO: 2022-08-04 07:21:11,537 : Epoch 8 of 50 :  	  Step 0 of 40: 	 loss_train: 0.0968 	 loss_classification: 0.0006 	loss_Location: 0.1603
INFO: 2022-08-04 07:22:27,414 : Epoch 8 of 50:  	 Dev_Acc : 0.8320  	 Best_Dev_Acc:0.8320
INFO: 2022-08-04 07:22:31,558 : Epoch 9 of 50 :  	  Step 0 of 40: 	 loss_train: 0.0869 	 loss_classification: 0.0011 	loss_Location: 0.1429
INFO: 2022-08-04 07:23:46,747 : Epoch 9 of 50:  	 Dev_Acc : 0.8080  	 Best_Dev_Acc:0.8320
INFO: 2022-08-04 07:23:50,692 : Epoch 10 of 50 :  	  Step 0 of 40: 	 loss_train: 0.0771 	 loss_classification: 0.0012 	loss_Location: 0.1265
INFO: 2022-08-04 07:25:07,585 : Epoch 10 of 50:  	 Dev_Acc : 0.8220  	 Best_Dev_Acc:0.8320
INFO: 2022-08-04 07:25:11,248 : Epoch 11 of 50 :  	  Step 0 of 40: 	 loss_train: 0.0689 	 loss_classification: 0.0011 	loss_Location: 0.1130
INFO: 2022-08-04 07:26:25,831 : Epoch 11 of 50:  	 Dev_Acc : 0.8020  	 Best_Dev_Acc:0.8320
INFO: 2022-08-04 07:26:29,959 : Epoch 12 of 50 :  	  Step 0 of 40: 	 loss_train: 0.0615 	 loss_classification: 0.0002 	loss_Location: 0.1022
INFO: 2022-08-04 07:27:47,092 : Epoch 12 of 50:  	 Dev_Acc : 0.8180  	 Best_Dev_Acc:0.8320
INFO: 2022-08-04 07:27:51,581 : Epoch 13 of 50 :  	  Step 0 of 40: 	 loss_train: 0.0556 	 loss_classification: 0.0003 	loss_Location: 0.0922
INFO: 2022-08-04 07:29:05,525 : Epoch 13 of 50:  	 Dev_Acc : 0.7920  	 Best_Dev_Acc:0.8320
INFO: 2022-08-04 07:29:09,295 : Epoch 14 of 50 :  	  Step 0 of 40: 	 loss_train: 0.0511 	 loss_classification: 0.0004 	loss_Location: 0.0845
INFO: 2022-08-04 07:30:25,220 : Epoch 14 of 50:  	 Dev_Acc : 0.8060  	 Best_Dev_Acc:0.8320
INFO: 2022-08-04 07:30:29,026 : Epoch 15 of 50 :  	  Step 0 of 40: 	 loss_train: 0.0468 	 loss_classification: 0.0002 	loss_Location: 0.0776
INFO: 2022-08-04 07:31:43,300 : Epoch 15 of 50:  	 Dev_Acc : 0.8060  	 Best_Dev_Acc:0.8320
INFO: 2022-08-04 07:31:47,698 : Epoch 16 of 50 :  	  Step 0 of 40: 	 loss_train: 0.0430 	 loss_classification: 0.0003 	loss_Location: 0.0711
INFO: 2022-08-04 07:33:04,438 : Epoch 16 of 50:  	 Dev_Acc : 0.8060  	 Best_Dev_Acc:0.8320
INFO: 2022-08-04 07:33:08,128 : Epoch 17 of 50 :  	  Step 0 of 40: 	 loss_train: 0.0412 	 loss_classification: 0.0007 	loss_Location: 0.0674
INFO: 2022-08-04 07:34:26,256 : Epoch 17 of 50:  	 Dev_Acc : 0.8180  	 Best_Dev_Acc:0.8320
INFO: 2022-08-04 07:34:30,201 : Epoch 18 of 50 :  	  Step 0 of 40: 	 loss_train: 0.0376 	 loss_classification: 0.0003 	loss_Location: 0.0621
INFO: 2022-08-04 07:35:46,451 : Epoch 18 of 50:  	 Dev_Acc : 0.8120  	 Best_Dev_Acc:0.8320
INFO: 2022-08-04 07:35:50,126 : Epoch 19 of 50 :  	  Step 0 of 40: 	 loss_train: 0.0352 	 loss_classification: 0.0006 	loss_Location: 0.0577
INFO: 2022-08-04 07:37:03,361 : Epoch 19 of 50:  	 Dev_Acc : 0.8160  	 Best_Dev_Acc:0.8320
INFO: 2022-08-04 07:37:07,491 : Epoch 20 of 50 :  	  Step 0 of 40: 	 loss_train: 0.0339 	 loss_classification: 0.0010 	loss_Location: 0.0549
INFO: 2022-08-04 07:38:24,226 : Epoch 20 of 50:  	 Dev_Acc : 0.8040  	 Best_Dev_Acc:0.8320
INFO: 2022-08-04 07:38:29,209 : Epoch 21 of 50 :  	  Step 0 of 40: 	 loss_train: 0.0330 	 loss_classification: 0.0011 	loss_Location: 0.0532
INFO: 2022-08-04 07:39:43,949 : Epoch 21 of 50:  	 Dev_Acc : 0.8120  	 Best_Dev_Acc:0.8320
INFO: 2022-08-04 07:39:47,865 : Epoch 22 of 50 :  	  Step 0 of 40: 	 loss_train: 0.0315 	 loss_classification: 0.0007 	loss_Location: 0.0513
INFO: 2022-08-04 07:41:01,373 : Epoch 22 of 50:  	 Dev_Acc : 0.8260  	 Best_Dev_Acc:0.8320
INFO: 2022-08-04 07:41:05,470 : Epoch 23 of 50 :  	  Step 0 of 40: 	 loss_train: 0.0306 	 loss_classification: 0.0005 	loss_Location: 0.0503
INFO: 2022-08-04 07:42:22,940 : Epoch 23 of 50:  	 Dev_Acc : 0.8220  	 Best_Dev_Acc:0.8320
INFO: 2022-08-04 07:42:27,645 : Epoch 24 of 50 :  	  Step 0 of 40: 	 loss_train: 0.0306 	 loss_classification: 0.0007 	loss_Location: 0.0500
INFO: 2022-08-04 07:43:43,484 : Epoch 24 of 50:  	 Dev_Acc : 0.8140  	 Best_Dev_Acc:0.8320
INFO: 2022-08-04 07:43:47,852 : Epoch 25 of 50 :  	  Step 0 of 40: 	 loss_train: 0.0292 	 loss_classification: 0.0003 	loss_Location: 0.0482
INFO: 2022-08-04 07:45:03,319 : Epoch 25 of 50:  	 Dev_Acc : 0.8120  	 Best_Dev_Acc:0.8320
INFO: 2022-08-04 07:45:06,955 : Epoch 26 of 50 :  	  Step 0 of 40: 	 loss_train: 0.0291 	 loss_classification: 0.0003 	loss_Location: 0.0479
INFO: 2022-08-04 07:46:19,705 : Epoch 26 of 50:  	 Dev_Acc : 0.8000  	 Best_Dev_Acc:0.8320
INFO: 2022-08-04 07:46:23,662 : Epoch 27 of 50 :  	  Step 0 of 40: 	 loss_train: 0.0296 	 loss_classification: 0.0021 	loss_Location: 0.0458
INFO: 2022-08-04 07:47:35,099 : Epoch 27 of 50:  	 Dev_Acc : 0.8200  	 Best_Dev_Acc:0.8320
INFO: 2022-08-04 07:47:40,399 : Epoch 28 of 50 :  	  Step 0 of 40: 	 loss_train: 0.0273 	 loss_classification: 0.0004 	loss_Location: 0.0449
INFO: 2022-08-04 07:48:54,074 : Epoch 28 of 50:  	 Dev_Acc : 0.8120  	 Best_Dev_Acc:0.8320
INFO: 2022-08-04 07:48:58,645 : Epoch 29 of 50 :  	  Step 0 of 40: 	 loss_train: 0.0269 	 loss_classification: 0.0002 	loss_Location: 0.0444
INFO: 2022-08-04 07:50:11,838 : Epoch 29 of 50:  	 Dev_Acc : 0.8160  	 Best_Dev_Acc:0.8320
INFO: 2022-08-04 07:50:16,463 : Epoch 30 of 50 :  	  Step 0 of 40: 	 loss_train: 0.0260 	 loss_classification: 0.0003 	loss_Location: 0.0428
INFO: 2022-08-04 07:51:29,775 : Epoch 30 of 50:  	 Dev_Acc : 0.8020  	 Best_Dev_Acc:0.8320
INFO: 2022-08-04 07:51:33,553 : Epoch 31 of 50 :  	  Step 0 of 40: 	 loss_train: 0.0260 	 loss_classification: 0.0005 	loss_Location: 0.0426
INFO: 2022-08-04 07:52:50,144 : Epoch 31 of 50:  	 Dev_Acc : 0.8120  	 Best_Dev_Acc:0.8320
INFO: 2022-08-04 07:52:54,692 : Epoch 32 of 50 :  	  Step 0 of 40: 	 loss_train: 0.0253 	 loss_classification: 0.0004 	loss_Location: 0.0414
INFO: 2022-08-04 07:54:07,487 : Epoch 32 of 50:  	 Dev_Acc : 0.8140  	 Best_Dev_Acc:0.8320
INFO: 2022-08-04 07:54:11,459 : Epoch 33 of 50 :  	  Step 0 of 40: 	 loss_train: 0.0246 	 loss_classification: 0.0002 	loss_Location: 0.0407
INFO: 2022-08-04 07:55:24,630 : Epoch 33 of 50:  	 Dev_Acc : 0.8100  	 Best_Dev_Acc:0.8320
INFO: 2022-08-04 07:55:28,935 : Epoch 34 of 50 :  	  Step 0 of 40: 	 loss_train: 0.0244 	 loss_classification: 0.0003 	loss_Location: 0.0402
INFO: 2022-08-04 07:56:41,589 : Epoch 34 of 50:  	 Dev_Acc : 0.8140  	 Best_Dev_Acc:0.8320
INFO: 2022-08-04 07:56:45,690 : Epoch 35 of 50 :  	  Step 0 of 40: 	 loss_train: 0.0239 	 loss_classification: 0.0003 	loss_Location: 0.0393
INFO: 2022-08-04 07:57:58,860 : Epoch 35 of 50:  	 Dev_Acc : 0.8140  	 Best_Dev_Acc:0.8320
INFO: 2022-08-04 07:58:02,914 : Epoch 36 of 50 :  	  Step 0 of 40: 	 loss_train: 0.0233 	 loss_classification: 0.0002 	loss_Location: 0.0385
INFO: 2022-08-04 07:59:18,976 : Epoch 36 of 50:  	 Dev_Acc : 0.8060  	 Best_Dev_Acc:0.8320
INFO: 2022-08-04 07:59:22,852 : Epoch 37 of 50 :  	  Step 0 of 40: 	 loss_train: 0.0233 	 loss_classification: 0.0004 	loss_Location: 0.0382
INFO: 2022-08-04 08:00:34,995 : Epoch 37 of 50:  	 Dev_Acc : 0.8200  	 Best_Dev_Acc:0.8320
INFO: 2022-08-04 08:00:39,323 : Epoch 38 of 50 :  	  Step 0 of 40: 	 loss_train: 0.0222 	 loss_classification: 0.0003 	loss_Location: 0.0365
INFO: 2022-08-04 08:01:53,174 : Epoch 38 of 50:  	 Dev_Acc : 0.8160  	 Best_Dev_Acc:0.8320
INFO: 2022-08-04 08:01:57,399 : Epoch 39 of 50 :  	  Step 0 of 40: 	 loss_train: 0.0223 	 loss_classification: 0.0005 	loss_Location: 0.0365
INFO: 2022-08-04 08:03:10,339 : Epoch 39 of 50:  	 Dev_Acc : 0.8180  	 Best_Dev_Acc:0.8320
INFO: 2022-08-04 08:03:14,143 : Epoch 40 of 50 :  	  Step 0 of 40: 	 loss_train: 0.0226 	 loss_classification: 0.0011 	loss_Location: 0.0359
INFO: 2022-08-04 08:04:28,956 : Epoch 40 of 50:  	 Dev_Acc : 0.8120  	 Best_Dev_Acc:0.8320
INFO: 2022-08-04 08:04:32,959 : Epoch 41 of 50 :  	  Step 0 of 40: 	 loss_train: 0.0217 	 loss_classification: 0.0003 	loss_Location: 0.0356
INFO: 2022-08-04 08:05:47,619 : Epoch 41 of 50:  	 Dev_Acc : 0.8100  	 Best_Dev_Acc:0.8320
INFO: 2022-08-04 08:05:52,042 : Epoch 42 of 50 :  	  Step 0 of 40: 	 loss_train: 0.0212 	 loss_classification: 0.0004 	loss_Location: 0.0347
INFO: 2022-08-04 08:07:08,212 : Epoch 42 of 50:  	 Dev_Acc : 0.8120  	 Best_Dev_Acc:0.8320
INFO: 2022-08-04 08:07:12,333 : Epoch 43 of 50 :  	  Step 0 of 40: 	 loss_train: 0.0216 	 loss_classification: 0.0003 	loss_Location: 0.0354
INFO: 2022-08-04 08:08:26,540 : Epoch 43 of 50:  	 Dev_Acc : 0.8060  	 Best_Dev_Acc:0.8320
INFO: 2022-08-04 08:08:30,532 : Epoch 44 of 50 :  	  Step 0 of 40: 	 loss_train: 0.0212 	 loss_classification: 0.0005 	loss_Location: 0.0344
INFO: 2022-08-04 08:09:46,584 : Epoch 44 of 50:  	 Dev_Acc : 0.8240  	 Best_Dev_Acc:0.8320
INFO: 2022-08-04 08:09:50,789 : Epoch 45 of 50 :  	  Step 0 of 40: 	 loss_train: 0.0214 	 loss_classification: 0.0003 	loss_Location: 0.0352
INFO: 2022-08-04 08:11:05,201 : Epoch 45 of 50:  	 Dev_Acc : 0.8160  	 Best_Dev_Acc:0.8320
INFO: 2022-08-04 08:11:09,038 : Epoch 46 of 50 :  	  Step 0 of 40: 	 loss_train: 0.0208 	 loss_classification: 0.0003 	loss_Location: 0.0342
INFO: 2022-08-04 08:12:25,210 : Epoch 46 of 50:  	 Dev_Acc : 0.8060  	 Best_Dev_Acc:0.8320
INFO: 2022-08-04 08:12:29,613 : Epoch 47 of 50 :  	  Step 0 of 40: 	 loss_train: 0.0211 	 loss_classification: 0.0007 	loss_Location: 0.0340
INFO: 2022-08-04 08:13:44,041 : Epoch 47 of 50:  	 Dev_Acc : 0.8060  	 Best_Dev_Acc:0.8320
INFO: 2022-08-04 08:13:48,535 : Epoch 48 of 50 :  	  Step 0 of 40: 	 loss_train: 0.0215 	 loss_classification: 0.0010 	loss_Location: 0.0341
INFO: 2022-08-04 08:15:01,518 : Epoch 48 of 50:  	 Dev_Acc : 0.8120  	 Best_Dev_Acc:0.8320
INFO: 2022-08-04 08:15:05,794 : Epoch 49 of 50 :  	  Step 0 of 40: 	 loss_train: 0.0208 	 loss_classification: 0.0005 	loss_Location: 0.0339
INFO: 2022-08-04 08:16:19,423 : Epoch 49 of 50:  	 Dev_Acc : 0.7800  	 Best_Dev_Acc:0.8320
INFO: 2022-08-04 08:16:19,424 : Few-shot model start finish!
INFO: 2022-08-04 08:16:19,424 : ----------------------------------------------------------------------------------------------------experiment finish!----------------------------------------------------------------------------------------------------
INFO: 2022-08-04 08:16:19,480 : Sample FSL classes:   
INFO: 2022-08-04 08:16:19,480 : [0, 2, 15, 8, 13]
INFO: 2022-08-04 08:16:19,657 : Few-shot model start training...
INFO: 2022-08-04 08:16:22,791 : Epoch 0 of 50 :  	  Step 0 of 40: 	 loss_train: 0.6241 	 loss_classification: 0.1920 	loss_Location: 0.7202
INFO: 2022-08-04 08:17:16,559 : Epoch 0 of 50:  	 Dev_Acc : 0.8140  	 Best_Dev_Acc:0.8140
INFO: 2022-08-04 08:17:19,520 : Epoch 1 of 50 :  	  Step 0 of 40: 	 loss_train: 0.3597 	 loss_classification: 0.0050 	loss_Location: 0.5911
INFO: 2022-08-04 08:18:13,564 : Epoch 1 of 50:  	 Dev_Acc : 0.7900  	 Best_Dev_Acc:0.8140
INFO: 2022-08-04 08:18:16,490 : Epoch 2 of 50 :  	  Step 0 of 40: 	 loss_train: 0.2810 	 loss_classification: 0.0017 	loss_Location: 0.4654
INFO: 2022-08-04 08:19:11,785 : Epoch 2 of 50:  	 Dev_Acc : 0.7980  	 Best_Dev_Acc:0.8140
INFO: 2022-08-04 08:19:14,793 : Epoch 3 of 50 :  	  Step 0 of 40: 	 loss_train: 0.2260 	 loss_classification: 0.0028 	loss_Location: 0.3719
INFO: 2022-08-04 08:20:10,366 : Epoch 3 of 50:  	 Dev_Acc : 0.8000  	 Best_Dev_Acc:0.8140
INFO: 2022-08-04 08:20:13,527 : Epoch 4 of 50 :  	  Step 0 of 40: 	 loss_train: 0.1832 	 loss_classification: 0.0005 	loss_Location: 0.3046
INFO: 2022-08-04 08:21:08,085 : Epoch 4 of 50:  	 Dev_Acc : 0.8060  	 Best_Dev_Acc:0.8140
INFO: 2022-08-04 08:21:11,264 : Epoch 5 of 50 :  	  Step 0 of 40: 	 loss_train: 0.1532 	 loss_classification: 0.0017 	loss_Location: 0.2524
INFO: 2022-08-04 08:22:06,244 : Epoch 5 of 50:  	 Dev_Acc : 0.8220  	 Best_Dev_Acc:0.8220
INFO: 2022-08-04 08:22:09,622 : Epoch 6 of 50 :  	  Step 0 of 40: 	 loss_train: 0.1295 	 loss_classification: 0.0009 	loss_Location: 0.2143
INFO: 2022-08-04 08:23:03,679 : Epoch 6 of 50:  	 Dev_Acc : 0.7880  	 Best_Dev_Acc:0.8220
INFO: 2022-08-04 08:23:06,622 : Epoch 7 of 50 :  	  Step 0 of 40: 	 loss_train: 0.1125 	 loss_classification: 0.0024 	loss_Location: 0.1835
INFO: 2022-08-04 08:24:01,253 : Epoch 7 of 50:  	 Dev_Acc : 0.8160  	 Best_Dev_Acc:0.8220
INFO: 2022-08-04 08:24:04,520 : Epoch 8 of 50 :  	  Step 0 of 40: 	 loss_train: 0.0951 	 loss_classification: 0.0003 	loss_Location: 0.1581
INFO: 2022-08-04 08:24:58,473 : Epoch 8 of 50:  	 Dev_Acc : 0.8080  	 Best_Dev_Acc:0.8220
INFO: 2022-08-04 08:25:01,617 : Epoch 9 of 50 :  	  Step 0 of 40: 	 loss_train: 0.0844 	 loss_classification: 0.0009 	loss_Location: 0.1391
INFO: 2022-08-04 08:25:54,919 : Epoch 9 of 50:  	 Dev_Acc : 0.8180  	 Best_Dev_Acc:0.8220
INFO: 2022-08-04 08:25:58,074 : Epoch 10 of 50 :  	  Step 0 of 40: 	 loss_train: 0.0759 	 loss_classification: 0.0014 	loss_Location: 0.1242
INFO: 2022-08-04 08:26:51,649 : Epoch 10 of 50:  	 Dev_Acc : 0.8020  	 Best_Dev_Acc:0.8220
INFO: 2022-08-04 08:26:54,832 : Epoch 11 of 50 :  	  Step 0 of 40: 	 loss_train: 0.0671 	 loss_classification: 0.0002 	loss_Location: 0.1115
INFO: 2022-08-04 08:27:48,934 : Epoch 11 of 50:  	 Dev_Acc : 0.8000  	 Best_Dev_Acc:0.8220
INFO: 2022-08-04 08:27:51,843 : Epoch 12 of 50 :  	  Step 0 of 40: 	 loss_train: 0.0612 	 loss_classification: 0.0007 	loss_Location: 0.1008
INFO: 2022-08-04 08:28:46,526 : Epoch 12 of 50:  	 Dev_Acc : 0.7900  	 Best_Dev_Acc:0.8220
INFO: 2022-08-04 08:28:49,748 : Epoch 13 of 50 :  	  Step 0 of 40: 	 loss_train: 0.0547 	 loss_classification: 0.0008 	loss_Location: 0.0899
INFO: 2022-08-04 08:29:42,619 : Epoch 13 of 50:  	 Dev_Acc : 0.7880  	 Best_Dev_Acc:0.8220
INFO: 2022-08-04 08:29:45,735 : Epoch 14 of 50 :  	  Step 0 of 40: 	 loss_train: 0.0516 	 loss_classification: 0.0024 	loss_Location: 0.0820
INFO: 2022-08-04 08:30:40,902 : Epoch 14 of 50:  	 Dev_Acc : 0.7900  	 Best_Dev_Acc:0.8220
INFO: 2022-08-04 08:30:44,111 : Epoch 15 of 50 :  	  Step 0 of 40: 	 loss_train: 0.0457 	 loss_classification: 0.0003 	loss_Location: 0.0755
INFO: 2022-08-04 08:31:37,317 : Epoch 15 of 50:  	 Dev_Acc : 0.8080  	 Best_Dev_Acc:0.8220
INFO: 2022-08-04 08:31:40,222 : Epoch 16 of 50 :  	  Step 0 of 40: 	 loss_train: 0.0426 	 loss_classification: 0.0009 	loss_Location: 0.0695
INFO: 2022-08-04 08:32:32,684 : Epoch 16 of 50:  	 Dev_Acc : 0.7980  	 Best_Dev_Acc:0.8220
INFO: 2022-08-04 08:32:35,950 : Epoch 17 of 50 :  	  Step 0 of 40: 	 loss_train: 0.0420 	 loss_classification: 0.0031 	loss_Location: 0.0649
INFO: 2022-08-04 08:33:29,006 : Epoch 17 of 50:  	 Dev_Acc : 0.8040  	 Best_Dev_Acc:0.8220
INFO: 2022-08-04 08:33:32,154 : Epoch 18 of 50 :  	  Step 0 of 40: 	 loss_train: 0.0362 	 loss_classification: 0.0004 	loss_Location: 0.0596
INFO: 2022-08-04 08:34:25,765 : Epoch 18 of 50:  	 Dev_Acc : 0.7960  	 Best_Dev_Acc:0.8220
INFO: 2022-08-04 08:34:28,745 : Epoch 19 of 50 :  	  Step 0 of 40: 	 loss_train: 0.0362 	 loss_classification: 0.0023 	loss_Location: 0.0565
INFO: 2022-08-04 08:35:22,593 : Epoch 19 of 50:  	 Dev_Acc : 0.8060  	 Best_Dev_Acc:0.8220
INFO: 2022-08-04 08:35:26,074 : Epoch 20 of 50 :  	  Step 0 of 40: 	 loss_train: 0.0321 	 loss_classification: 0.0004 	loss_Location: 0.0528
INFO: 2022-08-04 08:36:20,270 : Epoch 20 of 50:  	 Dev_Acc : 0.7940  	 Best_Dev_Acc:0.8220
INFO: 2022-08-04 08:36:23,502 : Epoch 21 of 50 :  	  Step 0 of 40: 	 loss_train: 0.0315 	 loss_classification: 0.0009 	loss_Location: 0.0511
INFO: 2022-08-04 08:37:18,092 : Epoch 21 of 50:  	 Dev_Acc : 0.7940  	 Best_Dev_Acc:0.8220
INFO: 2022-08-04 08:37:21,160 : Epoch 22 of 50 :  	  Step 0 of 40: 	 loss_train: 0.0307 	 loss_classification: 0.0002 	loss_Location: 0.0508
INFO: 2022-08-04 08:38:14,993 : Epoch 22 of 50:  	 Dev_Acc : 0.7900  	 Best_Dev_Acc:0.8220
INFO: 2022-08-04 08:38:18,250 : Epoch 23 of 50 :  	  Step 0 of 40: 	 loss_train: 0.0299 	 loss_classification: 0.0003 	loss_Location: 0.0492
INFO: 2022-08-04 08:39:11,557 : Epoch 23 of 50:  	 Dev_Acc : 0.7960  	 Best_Dev_Acc:0.8220
INFO: 2022-08-04 08:39:14,563 : Epoch 24 of 50 :  	  Step 0 of 40: 	 loss_train: 0.0295 	 loss_classification: 0.0005 	loss_Location: 0.0483
INFO: 2022-08-04 08:40:09,600 : Epoch 24 of 50:  	 Dev_Acc : 0.8060  	 Best_Dev_Acc:0.8220
INFO: 2022-08-04 08:40:12,726 : Epoch 25 of 50 :  	  Step 0 of 40: 	 loss_train: 0.0285 	 loss_classification: 0.0002 	loss_Location: 0.0471
INFO: 2022-08-04 08:41:07,184 : Epoch 25 of 50:  	 Dev_Acc : 0.8160  	 Best_Dev_Acc:0.8220
INFO: 2022-08-04 08:41:10,185 : Epoch 26 of 50 :  	  Step 0 of 40: 	 loss_train: 0.0276 	 loss_classification: 0.0002 	loss_Location: 0.0457
INFO: 2022-08-04 08:42:05,489 : Epoch 26 of 50:  	 Dev_Acc : 0.7940  	 Best_Dev_Acc:0.8220
INFO: 2022-08-04 08:42:08,528 : Epoch 27 of 50 :  	  Step 0 of 40: 	 loss_train: 0.0272 	 loss_classification: 0.0005 	loss_Location: 0.0446
INFO: 2022-08-04 08:43:03,566 : Epoch 27 of 50:  	 Dev_Acc : 0.8040  	 Best_Dev_Acc:0.8220
INFO: 2022-08-04 08:43:06,967 : Epoch 28 of 50 :  	  Step 0 of 40: 	 loss_train: 0.0272 	 loss_classification: 0.0005 	loss_Location: 0.0445
INFO: 2022-08-04 08:44:00,931 : Epoch 28 of 50:  	 Dev_Acc : 0.7880  	 Best_Dev_Acc:0.8220
INFO: 2022-08-04 08:44:03,937 : Epoch 29 of 50 :  	  Step 0 of 40: 	 loss_train: 0.0263 	 loss_classification: 0.0004 	loss_Location: 0.0431
INFO: 2022-08-04 08:44:57,349 : Epoch 29 of 50:  	 Dev_Acc : 0.8100  	 Best_Dev_Acc:0.8220
INFO: 2022-08-04 08:45:00,490 : Epoch 30 of 50 :  	  Step 0 of 40: 	 loss_train: 0.0256 	 loss_classification: 0.0004 	loss_Location: 0.0420
INFO: 2022-08-04 08:45:54,503 : Epoch 30 of 50:  	 Dev_Acc : 0.7940  	 Best_Dev_Acc:0.8220
INFO: 2022-08-04 08:45:57,815 : Epoch 31 of 50 :  	  Step 0 of 40: 	 loss_train: 0.0253 	 loss_classification: 0.0007 	loss_Location: 0.0410
INFO: 2022-08-04 08:46:51,516 : Epoch 31 of 50:  	 Dev_Acc : 0.8040  	 Best_Dev_Acc:0.8220
INFO: 2022-08-04 08:46:54,659 : Epoch 32 of 50 :  	  Step 0 of 40: 	 loss_train: 0.0241 	 loss_classification: 0.0003 	loss_Location: 0.0397
INFO: 2022-08-04 08:47:48,132 : Epoch 32 of 50:  	 Dev_Acc : 0.8080  	 Best_Dev_Acc:0.8220
INFO: 2022-08-04 08:47:51,509 : Epoch 33 of 50 :  	  Step 0 of 40: 	 loss_train: 0.0243 	 loss_classification: 0.0006 	loss_Location: 0.0396
INFO: 2022-08-04 08:48:44,902 : Epoch 33 of 50:  	 Dev_Acc : 0.8060  	 Best_Dev_Acc:0.8220
INFO: 2022-08-04 08:48:47,998 : Epoch 34 of 50 :  	  Step 0 of 40: 	 loss_train: 0.0239 	 loss_classification: 0.0007 	loss_Location: 0.0387
INFO: 2022-08-04 08:49:41,184 : Epoch 34 of 50:  	 Dev_Acc : 0.8080  	 Best_Dev_Acc:0.8220
INFO: 2022-08-04 08:49:44,257 : Epoch 35 of 50 :  	  Step 0 of 40: 	 loss_train: 0.0245 	 loss_classification: 0.0019 	loss_Location: 0.0377
INFO: 2022-08-04 08:50:38,755 : Epoch 35 of 50:  	 Dev_Acc : 0.8040  	 Best_Dev_Acc:0.8220
INFO: 2022-08-04 08:50:41,934 : Epoch 36 of 50 :  	  Step 0 of 40: 	 loss_train: 0.0225 	 loss_classification: 0.0001 	loss_Location: 0.0373
INFO: 2022-08-04 08:51:36,881 : Epoch 36 of 50:  	 Dev_Acc : 0.8020  	 Best_Dev_Acc:0.8220
INFO: 2022-08-04 08:51:39,960 : Epoch 37 of 50 :  	  Step 0 of 40: 	 loss_train: 0.0225 	 loss_classification: 0.0003 	loss_Location: 0.0370
INFO: 2022-08-04 08:52:34,050 : Epoch 37 of 50:  	 Dev_Acc : 0.8060  	 Best_Dev_Acc:0.8220
INFO: 2022-08-04 08:52:37,226 : Epoch 38 of 50 :  	  Step 0 of 40: 	 loss_train: 0.0221 	 loss_classification: 0.0005 	loss_Location: 0.0360
INFO: 2022-08-04 08:53:31,505 : Epoch 38 of 50:  	 Dev_Acc : 0.8060  	 Best_Dev_Acc:0.8220
INFO: 2022-08-04 08:53:34,460 : Epoch 39 of 50 :  	  Step 0 of 40: 	 loss_train: 0.0216 	 loss_classification: 0.0001 	loss_Location: 0.0358
INFO: 2022-08-04 08:54:28,237 : Epoch 39 of 50:  	 Dev_Acc : 0.8000  	 Best_Dev_Acc:0.8220
INFO: 2022-08-04 08:54:31,121 : Epoch 40 of 50 :  	  Step 0 of 40: 	 loss_train: 0.0219 	 loss_classification: 0.0007 	loss_Location: 0.0353
INFO: 2022-08-04 08:55:26,662 : Epoch 40 of 50:  	 Dev_Acc : 0.8120  	 Best_Dev_Acc:0.8220
INFO: 2022-08-04 08:55:29,871 : Epoch 41 of 50 :  	  Step 0 of 40: 	 loss_train: 0.0210 	 loss_classification: 0.0002 	loss_Location: 0.0347
INFO: 2022-08-04 08:56:25,110 : Epoch 41 of 50:  	 Dev_Acc : 0.7940  	 Best_Dev_Acc:0.8220
INFO: 2022-08-04 08:56:28,326 : Epoch 42 of 50 :  	  Step 0 of 40: 	 loss_train: 0.0210 	 loss_classification: 0.0003 	loss_Location: 0.0345
INFO: 2022-08-04 08:57:23,498 : Epoch 42 of 50:  	 Dev_Acc : 0.7920  	 Best_Dev_Acc:0.8220
INFO: 2022-08-04 08:57:26,625 : Epoch 43 of 50 :  	  Step 0 of 40: 	 loss_train: 0.0214 	 loss_classification: 0.0008 	loss_Location: 0.0342
INFO: 2022-08-04 08:58:20,860 : Epoch 43 of 50:  	 Dev_Acc : 0.7900  	 Best_Dev_Acc:0.8220
INFO: 2022-08-04 08:58:24,041 : Epoch 44 of 50 :  	  Step 0 of 40: 	 loss_train: 0.0207 	 loss_classification: 0.0004 	loss_Location: 0.0339
INFO: 2022-08-04 08:59:18,368 : Epoch 44 of 50:  	 Dev_Acc : 0.7960  	 Best_Dev_Acc:0.8220
INFO: 2022-08-04 08:59:21,713 : Epoch 45 of 50 :  	  Step 0 of 40: 	 loss_train: 0.0210 	 loss_classification: 0.0006 	loss_Location: 0.0339
INFO: 2022-08-04 09:00:16,446 : Epoch 45 of 50:  	 Dev_Acc : 0.8000  	 Best_Dev_Acc:0.8220
INFO: 2022-08-04 09:00:19,701 : Epoch 46 of 50 :  	  Step 0 of 40: 	 loss_train: 0.0203 	 loss_classification: 0.0003 	loss_Location: 0.0333
INFO: 2022-08-04 09:01:14,830 : Epoch 46 of 50:  	 Dev_Acc : 0.7960  	 Best_Dev_Acc:0.8220
INFO: 2022-08-04 09:01:17,807 : Epoch 47 of 50 :  	  Step 0 of 40: 	 loss_train: 0.0203 	 loss_classification: 0.0003 	loss_Location: 0.0332
INFO: 2022-08-04 09:02:13,320 : Epoch 47 of 50:  	 Dev_Acc : 0.7940  	 Best_Dev_Acc:0.8220
INFO: 2022-08-04 09:02:16,519 : Epoch 48 of 50 :  	  Step 0 of 40: 	 loss_train: 0.0203 	 loss_classification: 0.0005 	loss_Location: 0.0331
INFO: 2022-08-04 09:03:11,386 : Epoch 48 of 50:  	 Dev_Acc : 0.7840  	 Best_Dev_Acc:0.8220
INFO: 2022-08-04 09:03:14,506 : Epoch 49 of 50 :  	  Step 0 of 40: 	 loss_train: 0.0199 	 loss_classification: 0.0003 	loss_Location: 0.0328
INFO: 2022-08-04 09:04:09,361 : Epoch 49 of 50:  	 Dev_Acc : 0.7980  	 Best_Dev_Acc:0.8220
INFO: 2022-08-04 09:04:09,362 : Few-shot model start finish!
INFO: 2022-08-04 09:04:09,362 : ----------------------------------------------------------------------------------------------------experiment finish!----------------------------------------------------------------------------------------------------
INFO: 2022-08-04 09:04:09,428 : Sample FSL classes:   
INFO: 2022-08-04 09:04:09,428 : [10, 13, 0, 2, 14]
INFO: 2022-08-04 09:04:09,615 : Few-shot model start training...
INFO: 2022-08-04 09:04:12,688 : Epoch 0 of 50 :  	  Step 0 of 40: 	 loss_train: 0.6325 	 loss_classification: 0.1834 	loss_Location: 0.7485
INFO: 2022-08-04 09:05:05,837 : Epoch 0 of 50:  	 Dev_Acc : 0.7540  	 Best_Dev_Acc:0.7540
INFO: 2022-08-04 09:05:08,816 : Epoch 1 of 50 :  	  Step 0 of 40: 	 loss_train: 0.3707 	 loss_classification: 0.0084 	loss_Location: 0.6038
INFO: 2022-08-04 09:06:01,145 : Epoch 1 of 50:  	 Dev_Acc : 0.7180  	 Best_Dev_Acc:0.7540
INFO: 2022-08-04 09:06:04,211 : Epoch 2 of 50 :  	  Step 0 of 40: 	 loss_train: 0.2869 	 loss_classification: 0.0038 	loss_Location: 0.4718
INFO: 2022-08-04 09:06:57,025 : Epoch 2 of 50:  	 Dev_Acc : 0.7200  	 Best_Dev_Acc:0.7540
INFO: 2022-08-04 09:06:59,979 : Epoch 3 of 50 :  	  Step 0 of 40: 	 loss_train: 0.2269 	 loss_classification: 0.0017 	loss_Location: 0.3753
INFO: 2022-08-04 09:07:53,351 : Epoch 3 of 50:  	 Dev_Acc : 0.7260  	 Best_Dev_Acc:0.7540
INFO: 2022-08-04 09:07:56,484 : Epoch 4 of 50 :  	  Step 0 of 40: 	 loss_train: 0.1906 	 loss_classification: 0.0079 	loss_Location: 0.3045
INFO: 2022-08-04 09:08:49,888 : Epoch 4 of 50:  	 Dev_Acc : 0.7220  	 Best_Dev_Acc:0.7540
INFO: 2022-08-04 09:08:52,949 : Epoch 5 of 50 :  	  Step 0 of 40: 	 loss_train: 0.1534 	 loss_classification: 0.0022 	loss_Location: 0.2521
INFO: 2022-08-04 09:09:45,422 : Epoch 5 of 50:  	 Dev_Acc : 0.7260  	 Best_Dev_Acc:0.7540
INFO: 2022-08-04 09:09:48,358 : Epoch 6 of 50 :  	  Step 0 of 40: 	 loss_train: 0.1306 	 loss_classification: 0.0023 	loss_Location: 0.2138
INFO: 2022-08-04 09:10:41,113 : Epoch 6 of 50:  	 Dev_Acc : 0.7180  	 Best_Dev_Acc:0.7540
INFO: 2022-08-04 09:10:44,097 : Epoch 7 of 50 :  	  Step 0 of 40: 	 loss_train: 0.1115 	 loss_classification: 0.0008 	loss_Location: 0.1844
INFO: 2022-08-04 09:11:36,894 : Epoch 7 of 50:  	 Dev_Acc : 0.6940  	 Best_Dev_Acc:0.7540
INFO: 2022-08-04 09:11:39,790 : Epoch 8 of 50 :  	  Step 0 of 40: 	 loss_train: 0.0978 	 loss_classification: 0.0018 	loss_Location: 0.1599
INFO: 2022-08-04 09:12:32,440 : Epoch 8 of 50:  	 Dev_Acc : 0.7260  	 Best_Dev_Acc:0.7540
INFO: 2022-08-04 09:12:35,337 : Epoch 9 of 50 :  	  Step 0 of 40: 	 loss_train: 0.0857 	 loss_classification: 0.0019 	loss_Location: 0.1396
INFO: 2022-08-04 09:13:27,634 : Epoch 9 of 50:  	 Dev_Acc : 0.7100  	 Best_Dev_Acc:0.7540
INFO: 2022-08-04 09:13:30,592 : Epoch 10 of 50 :  	  Step 0 of 40: 	 loss_train: 0.0748 	 loss_classification: 0.0007 	loss_Location: 0.1234
INFO: 2022-08-04 09:14:23,492 : Epoch 10 of 50:  	 Dev_Acc : 0.7300  	 Best_Dev_Acc:0.7540
INFO: 2022-08-04 09:14:26,479 : Epoch 11 of 50 :  	  Step 0 of 40: 	 loss_train: 0.0664 	 loss_classification: 0.0006 	loss_Location: 0.1096
INFO: 2022-08-04 09:15:19,910 : Epoch 11 of 50:  	 Dev_Acc : 0.7520  	 Best_Dev_Acc:0.7540
INFO: 2022-08-04 09:15:22,955 : Epoch 12 of 50 :  	  Step 0 of 40: 	 loss_train: 0.0610 	 loss_classification: 0.0008 	loss_Location: 0.1003
INFO: 2022-08-04 09:16:16,119 : Epoch 12 of 50:  	 Dev_Acc : 0.7360  	 Best_Dev_Acc:0.7540
INFO: 2022-08-04 09:16:19,257 : Epoch 13 of 50 :  	  Step 0 of 40: 	 loss_train: 0.0553 	 loss_classification: 0.0010 	loss_Location: 0.0906
INFO: 2022-08-04 09:17:12,275 : Epoch 13 of 50:  	 Dev_Acc : 0.7300  	 Best_Dev_Acc:0.7540
INFO: 2022-08-04 09:17:15,250 : Epoch 14 of 50 :  	  Step 0 of 40: 	 loss_train: 0.0501 	 loss_classification: 0.0004 	loss_Location: 0.0829
INFO: 2022-08-04 09:18:07,702 : Epoch 14 of 50:  	 Dev_Acc : 0.7460  	 Best_Dev_Acc:0.7540
INFO: 2022-08-04 09:18:10,633 : Epoch 15 of 50 :  	  Step 0 of 40: 	 loss_train: 0.0471 	 loss_classification: 0.0015 	loss_Location: 0.0760
INFO: 2022-08-04 09:19:03,983 : Epoch 15 of 50:  	 Dev_Acc : 0.7140  	 Best_Dev_Acc:0.7540
INFO: 2022-08-04 09:19:07,095 : Epoch 16 of 50 :  	  Step 0 of 40: 	 loss_train: 0.0434 	 loss_classification: 0.0017 	loss_Location: 0.0695
INFO: 2022-08-04 09:20:00,848 : Epoch 16 of 50:  	 Dev_Acc : 0.7200  	 Best_Dev_Acc:0.7540
INFO: 2022-08-04 09:20:03,876 : Epoch 17 of 50 :  	  Step 0 of 40: 	 loss_train: 0.0398 	 loss_classification: 0.0007 	loss_Location: 0.0650
INFO: 2022-08-04 09:20:56,765 : Epoch 17 of 50:  	 Dev_Acc : 0.7240  	 Best_Dev_Acc:0.7540
INFO: 2022-08-04 09:20:59,669 : Epoch 18 of 50 :  	  Step 0 of 40: 	 loss_train: 0.0369 	 loss_classification: 0.0004 	loss_Location: 0.0608
INFO: 2022-08-04 09:21:52,771 : Epoch 18 of 50:  	 Dev_Acc : 0.7220  	 Best_Dev_Acc:0.7540
INFO: 2022-08-04 09:21:55,685 : Epoch 19 of 50 :  	  Step 0 of 40: 	 loss_train: 0.0345 	 loss_classification: 0.0002 	loss_Location: 0.0572
INFO: 2022-08-04 09:22:49,736 : Epoch 19 of 50:  	 Dev_Acc : 0.7240  	 Best_Dev_Acc:0.7540
INFO: 2022-08-04 09:22:52,767 : Epoch 20 of 50 :  	  Step 0 of 40: 	 loss_train: 0.0326 	 loss_classification: 0.0008 	loss_Location: 0.0530
INFO: 2022-08-04 09:23:46,833 : Epoch 20 of 50:  	 Dev_Acc : 0.7260  	 Best_Dev_Acc:0.7540
INFO: 2022-08-04 09:23:49,888 : Epoch 21 of 50 :  	  Step 0 of 40: 	 loss_train: 0.0314 	 loss_classification: 0.0004 	loss_Location: 0.0516
INFO: 2022-08-04 09:24:43,405 : Epoch 21 of 50:  	 Dev_Acc : 0.7080  	 Best_Dev_Acc:0.7540
INFO: 2022-08-04 09:24:46,534 : Epoch 22 of 50 :  	  Step 0 of 40: 	 loss_train: 0.0310 	 loss_classification: 0.0006 	loss_Location: 0.0507
INFO: 2022-08-04 09:25:39,651 : Epoch 22 of 50:  	 Dev_Acc : 0.7200  	 Best_Dev_Acc:0.7540
INFO: 2022-08-04 09:25:42,606 : Epoch 23 of 50 :  	  Step 0 of 40: 	 loss_train: 0.0313 	 loss_classification: 0.0017 	loss_Location: 0.0494
INFO: 2022-08-04 09:26:35,506 : Epoch 23 of 50:  	 Dev_Acc : 0.7180  	 Best_Dev_Acc:0.7540
INFO: 2022-08-04 09:26:38,552 : Epoch 24 of 50 :  	  Step 0 of 40: 	 loss_train: 0.0302 	 loss_classification: 0.0010 	loss_Location: 0.0487
INFO: 2022-08-04 09:27:32,949 : Epoch 24 of 50:  	 Dev_Acc : 0.7100  	 Best_Dev_Acc:0.7540
INFO: 2022-08-04 09:27:35,980 : Epoch 25 of 50 :  	  Step 0 of 40: 	 loss_train: 0.0292 	 loss_classification: 0.0005 	loss_Location: 0.0479
INFO: 2022-08-04 09:28:29,225 : Epoch 25 of 50:  	 Dev_Acc : 0.7400  	 Best_Dev_Acc:0.7540
INFO: 2022-08-04 09:28:32,324 : Epoch 26 of 50 :  	  Step 0 of 40: 	 loss_train: 0.0283 	 loss_classification: 0.0005 	loss_Location: 0.0464
INFO: 2022-08-04 09:29:25,328 : Epoch 26 of 50:  	 Dev_Acc : 0.7400  	 Best_Dev_Acc:0.7540
INFO: 2022-08-04 09:29:28,463 : Epoch 27 of 50 :  	  Step 0 of 40: 	 loss_train: 0.0283 	 loss_classification: 0.0011 	loss_Location: 0.0453
INFO: 2022-08-04 09:30:21,467 : Epoch 27 of 50:  	 Dev_Acc : 0.7200  	 Best_Dev_Acc:0.7540
INFO: 2022-08-04 09:30:24,410 : Epoch 28 of 50 :  	  Step 0 of 40: 	 loss_train: 0.0269 	 loss_classification: 0.0003 	loss_Location: 0.0443
INFO: 2022-08-04 09:31:18,293 : Epoch 28 of 50:  	 Dev_Acc : 0.7300  	 Best_Dev_Acc:0.7540
INFO: 2022-08-04 09:31:21,453 : Epoch 29 of 50 :  	  Step 0 of 40: 	 loss_train: 0.0264 	 loss_classification: 0.0002 	loss_Location: 0.0437
INFO: 2022-08-04 09:32:15,025 : Epoch 29 of 50:  	 Dev_Acc : 0.7380  	 Best_Dev_Acc:0.7540
INFO: 2022-08-04 09:32:18,081 : Epoch 30 of 50 :  	  Step 0 of 40: 	 loss_train: 0.0258 	 loss_classification: 0.0002 	loss_Location: 0.0426
INFO: 2022-08-04 09:33:12,112 : Epoch 30 of 50:  	 Dev_Acc : 0.7300  	 Best_Dev_Acc:0.7540
INFO: 2022-08-04 09:33:15,240 : Epoch 31 of 50 :  	  Step 0 of 40: 	 loss_train: 0.0254 	 loss_classification: 0.0002 	loss_Location: 0.0421
INFO: 2022-08-04 09:34:09,296 : Epoch 31 of 50:  	 Dev_Acc : 0.7400  	 Best_Dev_Acc:0.7540
INFO: 2022-08-04 09:34:12,327 : Epoch 32 of 50 :  	  Step 0 of 40: 	 loss_train: 0.0248 	 loss_classification: 0.0004 	loss_Location: 0.0407
INFO: 2022-08-04 09:35:05,651 : Epoch 32 of 50:  	 Dev_Acc : 0.7400  	 Best_Dev_Acc:0.7540
INFO: 2022-08-04 09:35:08,693 : Epoch 33 of 50 :  	  Step 0 of 40: 	 loss_train: 0.0250 	 loss_classification: 0.0010 	loss_Location: 0.0400
INFO: 2022-08-04 09:36:03,474 : Epoch 33 of 50:  	 Dev_Acc : 0.7260  	 Best_Dev_Acc:0.7540
INFO: 2022-08-04 09:36:06,457 : Epoch 34 of 50 :  	  Step 0 of 40: 	 loss_train: 0.0246 	 loss_classification: 0.0009 	loss_Location: 0.0395
INFO: 2022-08-04 09:37:00,707 : Epoch 34 of 50:  	 Dev_Acc : 0.7420  	 Best_Dev_Acc:0.7540
INFO: 2022-08-04 09:37:03,700 : Epoch 35 of 50 :  	  Step 0 of 40: 	 loss_train: 0.0240 	 loss_classification: 0.0006 	loss_Location: 0.0389
INFO: 2022-08-04 09:37:56,986 : Epoch 35 of 50:  	 Dev_Acc : 0.7320  	 Best_Dev_Acc:0.7540
INFO: 2022-08-04 09:38:00,026 : Epoch 36 of 50 :  	  Step 0 of 40: 	 loss_train: 0.0230 	 loss_classification: 0.0003 	loss_Location: 0.0378
INFO: 2022-08-04 09:38:54,272 : Epoch 36 of 50:  	 Dev_Acc : 0.7220  	 Best_Dev_Acc:0.7540
INFO: 2022-08-04 09:38:57,233 : Epoch 37 of 50 :  	  Step 0 of 40: 	 loss_train: 0.0227 	 loss_classification: 0.0005 	loss_Location: 0.0371
INFO: 2022-08-04 09:39:50,600 : Epoch 37 of 50:  	 Dev_Acc : 0.7280  	 Best_Dev_Acc:0.7540
INFO: 2022-08-04 09:39:53,631 : Epoch 38 of 50 :  	  Step 0 of 40: 	 loss_train: 0.0225 	 loss_classification: 0.0005 	loss_Location: 0.0368
INFO: 2022-08-04 09:40:46,809 : Epoch 38 of 50:  	 Dev_Acc : 0.7240  	 Best_Dev_Acc:0.7540
INFO: 2022-08-04 09:40:49,833 : Epoch 39 of 50 :  	  Step 0 of 40: 	 loss_train: 0.0224 	 loss_classification: 0.0005 	loss_Location: 0.0364
INFO: 2022-08-04 09:41:44,009 : Epoch 39 of 50:  	 Dev_Acc : 0.7400  	 Best_Dev_Acc:0.7540
INFO: 2022-08-04 09:41:47,002 : Epoch 40 of 50 :  	  Step 0 of 40: 	 loss_train: 0.0219 	 loss_classification: 0.0007 	loss_Location: 0.0354
INFO: 2022-08-04 09:42:40,331 : Epoch 40 of 50:  	 Dev_Acc : 0.7380  	 Best_Dev_Acc:0.7540
INFO: 2022-08-04 09:42:43,252 : Epoch 41 of 50 :  	  Step 0 of 40: 	 loss_train: 0.0212 	 loss_classification: 0.0003 	loss_Location: 0.0349
INFO: 2022-08-04 09:43:36,673 : Epoch 41 of 50:  	 Dev_Acc : 0.7320  	 Best_Dev_Acc:0.7540
INFO: 2022-08-04 09:43:39,676 : Epoch 42 of 50 :  	  Step 0 of 40: 	 loss_train: 0.0211 	 loss_classification: 0.0001 	loss_Location: 0.0349
INFO: 2022-08-04 09:44:33,269 : Epoch 42 of 50:  	 Dev_Acc : 0.7160  	 Best_Dev_Acc:0.7540
INFO: 2022-08-04 09:44:36,328 : Epoch 43 of 50 :  	  Step 0 of 40: 	 loss_train: 0.0215 	 loss_classification: 0.0006 	loss_Location: 0.0348
INFO: 2022-08-04 09:45:30,986 : Epoch 43 of 50:  	 Dev_Acc : 0.7340  	 Best_Dev_Acc:0.7540
INFO: 2022-08-04 09:45:34,014 : Epoch 44 of 50 :  	  Step 0 of 40: 	 loss_train: 0.0209 	 loss_classification: 0.0002 	loss_Location: 0.0345
INFO: 2022-08-04 09:46:28,319 : Epoch 44 of 50:  	 Dev_Acc : 0.7400  	 Best_Dev_Acc:0.7540
INFO: 2022-08-04 09:46:31,279 : Epoch 45 of 50 :  	  Step 0 of 40: 	 loss_train: 0.0211 	 loss_classification: 0.0005 	loss_Location: 0.0343
INFO: 2022-08-04 09:47:25,256 : Epoch 45 of 50:  	 Dev_Acc : 0.7180  	 Best_Dev_Acc:0.7540
INFO: 2022-08-04 09:47:28,345 : Epoch 46 of 50 :  	  Step 0 of 40: 	 loss_train: 0.0207 	 loss_classification: 0.0003 	loss_Location: 0.0341
INFO: 2022-08-04 09:48:21,877 : Epoch 46 of 50:  	 Dev_Acc : 0.7320  	 Best_Dev_Acc:0.7540
INFO: 2022-08-04 09:48:24,853 : Epoch 47 of 50 :  	  Step 0 of 40: 	 loss_train: 0.0208 	 loss_classification: 0.0005 	loss_Location: 0.0337
INFO: 2022-08-04 09:49:19,133 : Epoch 47 of 50:  	 Dev_Acc : 0.7200  	 Best_Dev_Acc:0.7540
INFO: 2022-08-04 09:49:22,227 : Epoch 48 of 50 :  	  Step 0 of 40: 	 loss_train: 0.0203 	 loss_classification: 0.0002 	loss_Location: 0.0335
INFO: 2022-08-04 09:50:16,297 : Epoch 48 of 50:  	 Dev_Acc : 0.7420  	 Best_Dev_Acc:0.7540
INFO: 2022-08-04 09:50:19,459 : Epoch 49 of 50 :  	  Step 0 of 40: 	 loss_train: 0.0202 	 loss_classification: 0.0004 	loss_Location: 0.0331
INFO: 2022-08-04 09:51:13,681 : Epoch 49 of 50:  	 Dev_Acc : 0.7420  	 Best_Dev_Acc:0.7540
INFO: 2022-08-04 09:51:13,681 : Few-shot model start finish!
INFO: 2022-08-04 09:51:13,682 : ----------------------------------------------------------------------------------------------------experiment finish!----------------------------------------------------------------------------------------------------
INFO: 2022-08-04 09:51:13,745 : Sample FSL classes:   
INFO: 2022-08-04 09:51:13,745 : [1, 9, 15, 12, 6]
INFO: 2022-08-04 09:51:13,932 : Few-shot model start training...
INFO: 2022-08-04 09:51:17,816 : Epoch 0 of 50 :  	  Step 0 of 40: 	 loss_train: 0.6257 	 loss_classification: 0.1941 	loss_Location: 0.7193
INFO: 2022-08-04 09:52:24,711 : Epoch 0 of 50:  	 Dev_Acc : 0.8540  	 Best_Dev_Acc:0.8540
INFO: 2022-08-04 09:52:28,110 : Epoch 1 of 50 :  	  Step 0 of 40: 	 loss_train: 0.3525 	 loss_classification: 0.0020 	loss_Location: 0.5843
INFO: 2022-08-04 09:53:34,535 : Epoch 1 of 50:  	 Dev_Acc : 0.8520  	 Best_Dev_Acc:0.8540
INFO: 2022-08-04 09:53:38,665 : Epoch 2 of 50 :  	  Step 0 of 40: 	 loss_train: 0.2778 	 loss_classification: 0.0038 	loss_Location: 0.4567
INFO: 2022-08-04 09:54:43,622 : Epoch 2 of 50:  	 Dev_Acc : 0.8600  	 Best_Dev_Acc:0.8600
INFO: 2022-08-04 09:54:47,532 : Epoch 3 of 50 :  	  Step 0 of 40: 	 loss_train: 0.2208 	 loss_classification: 0.0015 	loss_Location: 0.3654
INFO: 2022-08-04 09:55:53,362 : Epoch 3 of 50:  	 Dev_Acc : 0.8560  	 Best_Dev_Acc:0.8600
INFO: 2022-08-04 09:55:57,209 : Epoch 4 of 50 :  	  Step 0 of 40: 	 loss_train: 0.1801 	 loss_classification: 0.0007 	loss_Location: 0.2990
INFO: 2022-08-04 09:57:02,214 : Epoch 4 of 50:  	 Dev_Acc : 0.8480  	 Best_Dev_Acc:0.8600
INFO: 2022-08-04 09:57:05,808 : Epoch 5 of 50 :  	  Step 0 of 40: 	 loss_train: 0.1497 	 loss_classification: 0.0010 	loss_Location: 0.2478
INFO: 2022-08-04 09:58:11,930 : Epoch 5 of 50:  	 Dev_Acc : 0.8480  	 Best_Dev_Acc:0.8600
INFO: 2022-08-04 09:58:15,273 : Epoch 6 of 50 :  	  Step 0 of 40: 	 loss_train: 0.1267 	 loss_classification: 0.0011 	loss_Location: 0.2093
INFO: 2022-08-04 09:59:20,835 : Epoch 6 of 50:  	 Dev_Acc : 0.8440  	 Best_Dev_Acc:0.8600
INFO: 2022-08-04 09:59:24,510 : Epoch 7 of 50 :  	  Step 0 of 40: 	 loss_train: 0.1081 	 loss_classification: 0.0005 	loss_Location: 0.1794
INFO: 2022-08-04 10:00:29,720 : Epoch 7 of 50:  	 Dev_Acc : 0.8760  	 Best_Dev_Acc:0.8760
INFO: 2022-08-04 10:00:33,277 : Epoch 8 of 50 :  	  Step 0 of 40: 	 loss_train: 0.0944 	 loss_classification: 0.0007 	loss_Location: 0.1562
INFO: 2022-08-04 10:01:39,687 : Epoch 8 of 50:  	 Dev_Acc : 0.8540  	 Best_Dev_Acc:0.8760
INFO: 2022-08-04 10:01:43,220 : Epoch 9 of 50 :  	  Step 0 of 40: 	 loss_train: 0.0834 	 loss_classification: 0.0007 	loss_Location: 0.1379
INFO: 2022-08-04 10:02:48,555 : Epoch 9 of 50:  	 Dev_Acc : 0.8500  	 Best_Dev_Acc:0.8760
INFO: 2022-08-04 10:02:52,482 : Epoch 10 of 50 :  	  Step 0 of 40: 	 loss_train: 0.0740 	 loss_classification: 0.0009 	loss_Location: 0.1218
INFO: 2022-08-04 10:03:57,821 : Epoch 10 of 50:  	 Dev_Acc : 0.8500  	 Best_Dev_Acc:0.8760
INFO: 2022-08-04 10:04:01,529 : Epoch 11 of 50 :  	  Step 0 of 40: 	 loss_train: 0.0682 	 loss_classification: 0.0030 	loss_Location: 0.1087
INFO: 2022-08-04 10:05:05,902 : Epoch 11 of 50:  	 Dev_Acc : 0.8540  	 Best_Dev_Acc:0.8760
INFO: 2022-08-04 10:05:09,631 : Epoch 12 of 50 :  	  Step 0 of 40: 	 loss_train: 0.0613 	 loss_classification: 0.0025 	loss_Location: 0.0980
INFO: 2022-08-04 10:06:14,225 : Epoch 12 of 50:  	 Dev_Acc : 0.8520  	 Best_Dev_Acc:0.8760
INFO: 2022-08-04 10:06:17,759 : Epoch 13 of 50 :  	  Step 0 of 40: 	 loss_train: 0.0535 	 loss_classification: 0.0002 	loss_Location: 0.0889
INFO: 2022-08-04 10:07:21,418 : Epoch 13 of 50:  	 Dev_Acc : 0.8500  	 Best_Dev_Acc:0.8760
INFO: 2022-08-04 10:07:24,839 : Epoch 14 of 50 :  	  Step 0 of 40: 	 loss_train: 0.0494 	 loss_classification: 0.0005 	loss_Location: 0.0814
INFO: 2022-08-04 10:08:29,834 : Epoch 14 of 50:  	 Dev_Acc : 0.8400  	 Best_Dev_Acc:0.8760
INFO: 2022-08-04 10:08:33,472 : Epoch 15 of 50 :  	  Step 0 of 40: 	 loss_train: 0.0455 	 loss_classification: 0.0007 	loss_Location: 0.0748
INFO: 2022-08-04 10:09:39,244 : Epoch 15 of 50:  	 Dev_Acc : 0.8460  	 Best_Dev_Acc:0.8760
INFO: 2022-08-04 10:09:42,865 : Epoch 16 of 50 :  	  Step 0 of 40: 	 loss_train: 0.0413 	 loss_classification: 0.0001 	loss_Location: 0.0687
INFO: 2022-08-04 10:10:48,034 : Epoch 16 of 50:  	 Dev_Acc : 0.8540  	 Best_Dev_Acc:0.8760
INFO: 2022-08-04 10:10:51,639 : Epoch 17 of 50 :  	  Step 0 of 40: 	 loss_train: 0.0392 	 loss_classification: 0.0002 	loss_Location: 0.0650
INFO: 2022-08-04 10:11:56,669 : Epoch 17 of 50:  	 Dev_Acc : 0.8520  	 Best_Dev_Acc:0.8760
INFO: 2022-08-04 10:12:00,261 : Epoch 18 of 50 :  	  Step 0 of 40: 	 loss_train: 0.0360 	 loss_classification: 0.0003 	loss_Location: 0.0595
INFO: 2022-08-04 10:13:05,948 : Epoch 18 of 50:  	 Dev_Acc : 0.8520  	 Best_Dev_Acc:0.8760
INFO: 2022-08-04 10:13:09,611 : Epoch 19 of 50 :  	  Step 0 of 40: 	 loss_train: 0.0340 	 loss_classification: 0.0004 	loss_Location: 0.0559
INFO: 2022-08-04 10:14:14,952 : Epoch 19 of 50:  	 Dev_Acc : 0.8640  	 Best_Dev_Acc:0.8760
INFO: 2022-08-04 10:14:18,574 : Epoch 20 of 50 :  	  Step 0 of 40: 	 loss_train: 0.0321 	 loss_classification: 0.0003 	loss_Location: 0.0530
INFO: 2022-08-04 10:15:24,834 : Epoch 20 of 50:  	 Dev_Acc : 0.8500  	 Best_Dev_Acc:0.8760
INFO: 2022-08-04 10:15:28,308 : Epoch 21 of 50 :  	  Step 0 of 40: 	 loss_train: 0.0316 	 loss_classification: 0.0008 	loss_Location: 0.0512
INFO: 2022-08-04 10:16:34,891 : Epoch 21 of 50:  	 Dev_Acc : 0.8380  	 Best_Dev_Acc:0.8760
INFO: 2022-08-04 10:16:38,573 : Epoch 22 of 50 :  	  Step 0 of 40: 	 loss_train: 0.0319 	 loss_classification: 0.0018 	loss_Location: 0.0501
INFO: 2022-08-04 10:17:43,039 : Epoch 22 of 50:  	 Dev_Acc : 0.8440  	 Best_Dev_Acc:0.8760
INFO: 2022-08-04 10:17:46,951 : Epoch 23 of 50 :  	  Step 0 of 40: 	 loss_train: 0.0302 	 loss_classification: 0.0011 	loss_Location: 0.0486
INFO: 2022-08-04 10:18:52,175 : Epoch 23 of 50:  	 Dev_Acc : 0.8560  	 Best_Dev_Acc:0.8760
INFO: 2022-08-04 10:18:55,499 : Epoch 24 of 50 :  	  Step 0 of 40: 	 loss_train: 0.0296 	 loss_classification: 0.0009 	loss_Location: 0.0479
INFO: 2022-08-04 10:20:00,356 : Epoch 24 of 50:  	 Dev_Acc : 0.8420  	 Best_Dev_Acc:0.8760
INFO: 2022-08-04 10:20:03,784 : Epoch 25 of 50 :  	  Step 0 of 40: 	 loss_train: 0.0285 	 loss_classification: 0.0002 	loss_Location: 0.0471
INFO: 2022-08-04 10:21:08,386 : Epoch 25 of 50:  	 Dev_Acc : 0.8520  	 Best_Dev_Acc:0.8760
INFO: 2022-08-04 10:21:12,118 : Epoch 26 of 50 :  	  Step 0 of 40: 	 loss_train: 0.0284 	 loss_classification: 0.0010 	loss_Location: 0.0457
INFO: 2022-08-04 10:22:17,926 : Epoch 26 of 50:  	 Dev_Acc : 0.8380  	 Best_Dev_Acc:0.8760
INFO: 2022-08-04 10:22:21,741 : Epoch 27 of 50 :  	  Step 0 of 40: 	 loss_train: 0.0273 	 loss_classification: 0.0002 	loss_Location: 0.0452
INFO: 2022-08-04 10:23:28,143 : Epoch 27 of 50:  	 Dev_Acc : 0.8420  	 Best_Dev_Acc:0.8760
INFO: 2022-08-04 10:23:31,545 : Epoch 28 of 50 :  	  Step 0 of 40: 	 loss_train: 0.0264 	 loss_classification: 0.0003 	loss_Location: 0.0434
INFO: 2022-08-04 10:24:36,221 : Epoch 28 of 50:  	 Dev_Acc : 0.8460  	 Best_Dev_Acc:0.8760
INFO: 2022-08-04 10:24:39,725 : Epoch 29 of 50 :  	  Step 0 of 40: 	 loss_train: 0.0261 	 loss_classification: 0.0002 	loss_Location: 0.0431
INFO: 2022-08-04 10:25:44,774 : Epoch 29 of 50:  	 Dev_Acc : 0.8420  	 Best_Dev_Acc:0.8760
INFO: 2022-08-04 10:25:48,290 : Epoch 30 of 50 :  	  Step 0 of 40: 	 loss_train: 0.0257 	 loss_classification: 0.0005 	loss_Location: 0.0420
INFO: 2022-08-04 10:26:52,664 : Epoch 30 of 50:  	 Dev_Acc : 0.8540  	 Best_Dev_Acc:0.8760
INFO: 2022-08-04 10:26:56,260 : Epoch 31 of 50 :  	  Step 0 of 40: 	 loss_train: 0.0254 	 loss_classification: 0.0004 	loss_Location: 0.0416
INFO: 2022-08-04 10:28:01,329 : Epoch 31 of 50:  	 Dev_Acc : 0.8360  	 Best_Dev_Acc:0.8760
INFO: 2022-08-04 10:28:05,002 : Epoch 32 of 50 :  	  Step 0 of 40: 	 loss_train: 0.0247 	 loss_classification: 0.0003 	loss_Location: 0.0408
INFO: 2022-08-04 10:29:09,531 : Epoch 32 of 50:  	 Dev_Acc : 0.8380  	 Best_Dev_Acc:0.8760
INFO: 2022-08-04 10:29:13,341 : Epoch 33 of 50 :  	  Step 0 of 40: 	 loss_train: 0.0242 	 loss_classification: 0.0003 	loss_Location: 0.0398
INFO: 2022-08-04 10:30:19,709 : Epoch 33 of 50:  	 Dev_Acc : 0.8460  	 Best_Dev_Acc:0.8760
INFO: 2022-08-04 10:30:23,346 : Epoch 34 of 50 :  	  Step 0 of 40: 	 loss_train: 0.0238 	 loss_classification: 0.0007 	loss_Location: 0.0386
INFO: 2022-08-04 10:31:27,754 : Epoch 34 of 50:  	 Dev_Acc : 0.8560  	 Best_Dev_Acc:0.8760
INFO: 2022-08-04 10:31:31,316 : Epoch 35 of 50 :  	  Step 0 of 40: 	 loss_train: 0.0232 	 loss_classification: 0.0003 	loss_Location: 0.0382
INFO: 2022-08-04 10:32:36,531 : Epoch 35 of 50:  	 Dev_Acc : 0.8660  	 Best_Dev_Acc:0.8760
INFO: 2022-08-04 10:32:40,350 : Epoch 36 of 50 :  	  Step 0 of 40: 	 loss_train: 0.0230 	 loss_classification: 0.0005 	loss_Location: 0.0374
INFO: 2022-08-04 10:33:44,956 : Epoch 36 of 50:  	 Dev_Acc : 0.8640  	 Best_Dev_Acc:0.8760
INFO: 2022-08-04 10:33:48,543 : Epoch 37 of 50 :  	  Step 0 of 40: 	 loss_train: 0.0223 	 loss_classification: 0.0002 	loss_Location: 0.0368
INFO: 2022-08-04 10:34:53,984 : Epoch 37 of 50:  	 Dev_Acc : 0.8460  	 Best_Dev_Acc:0.8760
INFO: 2022-08-04 10:34:57,700 : Epoch 38 of 50 :  	  Step 0 of 40: 	 loss_train: 0.0221 	 loss_classification: 0.0003 	loss_Location: 0.0364
INFO: 2022-08-04 10:36:02,574 : Epoch 38 of 50:  	 Dev_Acc : 0.8620  	 Best_Dev_Acc:0.8760
INFO: 2022-08-04 10:36:06,204 : Epoch 39 of 50 :  	  Step 0 of 40: 	 loss_train: 0.0215 	 loss_classification: 0.0002 	loss_Location: 0.0354
INFO: 2022-08-04 10:37:11,425 : Epoch 39 of 50:  	 Dev_Acc : 0.8280  	 Best_Dev_Acc:0.8760
INFO: 2022-08-04 10:37:15,280 : Epoch 40 of 50 :  	  Step 0 of 40: 	 loss_train: 0.0211 	 loss_classification: 0.0003 	loss_Location: 0.0348
INFO: 2022-08-04 10:38:20,480 : Epoch 40 of 50:  	 Dev_Acc : 0.8520  	 Best_Dev_Acc:0.8760
INFO: 2022-08-04 10:38:24,005 : Epoch 41 of 50 :  	  Step 0 of 40: 	 loss_train: 0.0216 	 loss_classification: 0.0011 	loss_Location: 0.0342
INFO: 2022-08-04 10:39:29,328 : Epoch 41 of 50:  	 Dev_Acc : 0.8360  	 Best_Dev_Acc:0.8760
INFO: 2022-08-04 10:39:32,818 : Epoch 42 of 50 :  	  Step 0 of 40: 	 loss_train: 0.0220 	 loss_classification: 0.0012 	loss_Location: 0.0346
INFO: 2022-08-04 10:40:38,586 : Epoch 42 of 50:  	 Dev_Acc : 0.8380  	 Best_Dev_Acc:0.8760
INFO: 2022-08-04 10:40:42,304 : Epoch 43 of 50 :  	  Step 0 of 40: 	 loss_train: 0.0210 	 loss_classification: 0.0004 	loss_Location: 0.0342
INFO: 2022-08-04 10:41:46,146 : Epoch 43 of 50:  	 Dev_Acc : 0.8340  	 Best_Dev_Acc:0.8760
INFO: 2022-08-04 10:41:49,728 : Epoch 44 of 50 :  	  Step 0 of 40: 	 loss_train: 0.0208 	 loss_classification: 0.0004 	loss_Location: 0.0339
INFO: 2022-08-04 10:42:54,239 : Epoch 44 of 50:  	 Dev_Acc : 0.8520  	 Best_Dev_Acc:0.8760
INFO: 2022-08-04 10:42:58,132 : Epoch 45 of 50 :  	  Step 0 of 40: 	 loss_train: 0.0203 	 loss_classification: 0.0003 	loss_Location: 0.0334
INFO: 2022-08-04 10:44:03,739 : Epoch 45 of 50:  	 Dev_Acc : 0.8460  	 Best_Dev_Acc:0.8760
INFO: 2022-08-04 10:44:07,076 : Epoch 46 of 50 :  	  Step 0 of 40: 	 loss_train: 0.0204 	 loss_classification: 0.0003 	loss_Location: 0.0335
INFO: 2022-08-04 10:45:12,891 : Epoch 46 of 50:  	 Dev_Acc : 0.8500  	 Best_Dev_Acc:0.8760
INFO: 2022-08-04 10:45:16,680 : Epoch 47 of 50 :  	  Step 0 of 40: 	 loss_train: 0.0211 	 loss_classification: 0.0012 	loss_Location: 0.0331
INFO: 2022-08-04 10:46:22,458 : Epoch 47 of 50:  	 Dev_Acc : 0.8440  	 Best_Dev_Acc:0.8760
INFO: 2022-08-04 10:46:26,191 : Epoch 48 of 50 :  	  Step 0 of 40: 	 loss_train: 0.0199 	 loss_classification: 0.0003 	loss_Location: 0.0327
INFO: 2022-08-04 10:47:30,156 : Epoch 48 of 50:  	 Dev_Acc : 0.8340  	 Best_Dev_Acc:0.8760
INFO: 2022-08-04 10:47:33,553 : Epoch 49 of 50 :  	  Step 0 of 40: 	 loss_train: 0.0202 	 loss_classification: 0.0006 	loss_Location: 0.0326
INFO: 2022-08-04 10:48:38,403 : Epoch 49 of 50:  	 Dev_Acc : 0.8360  	 Best_Dev_Acc:0.8760
INFO: 2022-08-04 10:48:38,404 : Few-shot model start finish!
INFO: 2022-08-04 10:48:38,404 : ----------------------------------------------------------------------------------------------------experiment finish!----------------------------------------------------------------------------------------------------
INFO: 2022-08-04 10:48:38,468 : Sample FSL classes:   
INFO: 2022-08-04 10:48:38,468 : [1, 15, 9, 14, 13]
INFO: 2022-08-04 10:48:38,655 : Few-shot model start training...
INFO: 2022-08-04 10:48:41,344 : Epoch 0 of 50 :  	  Step 0 of 40: 	 loss_train: 0.5867 	 loss_classification: 0.1940 	loss_Location: 0.6545
INFO: 2022-08-04 10:49:30,373 : Epoch 0 of 50:  	 Dev_Acc : 0.8240  	 Best_Dev_Acc:0.8240
INFO: 2022-08-04 10:49:33,069 : Epoch 1 of 50 :  	  Step 0 of 40: 	 loss_train: 0.3283 	 loss_classification: 0.0058 	loss_Location: 0.5374
INFO: 2022-08-04 10:50:22,276 : Epoch 1 of 50:  	 Dev_Acc : 0.8200  	 Best_Dev_Acc:0.8240
INFO: 2022-08-04 10:50:25,057 : Epoch 2 of 50 :  	  Step 0 of 40: 	 loss_train: 0.2583 	 loss_classification: 0.0042 	loss_Location: 0.4236
INFO: 2022-08-04 10:51:14,108 : Epoch 2 of 50:  	 Dev_Acc : 0.8340  	 Best_Dev_Acc:0.8340
INFO: 2022-08-04 10:51:16,851 : Epoch 3 of 50 :  	  Step 0 of 40: 	 loss_train: 0.2110 	 loss_classification: 0.0050 	loss_Location: 0.3435
INFO: 2022-08-04 10:52:05,930 : Epoch 3 of 50:  	 Dev_Acc : 0.8200  	 Best_Dev_Acc:0.8340
INFO: 2022-08-04 10:52:08,707 : Epoch 4 of 50 :  	  Step 0 of 40: 	 loss_train: 0.1712 	 loss_classification: 0.0013 	loss_Location: 0.2832
INFO: 2022-08-04 10:52:56,883 : Epoch 4 of 50:  	 Dev_Acc : 0.8240  	 Best_Dev_Acc:0.8340
INFO: 2022-08-04 10:52:59,610 : Epoch 5 of 50 :  	  Step 0 of 40: 	 loss_train: 0.1456 	 loss_classification: 0.0038 	loss_Location: 0.2363
INFO: 2022-08-04 10:53:48,633 : Epoch 5 of 50:  	 Dev_Acc : 0.8260  	 Best_Dev_Acc:0.8340
INFO: 2022-08-04 10:53:51,433 : Epoch 6 of 50 :  	  Step 0 of 40: 	 loss_train: 0.1220 	 loss_classification: 0.0018 	loss_Location: 0.2003
INFO: 2022-08-04 10:54:40,288 : Epoch 6 of 50:  	 Dev_Acc : 0.8180  	 Best_Dev_Acc:0.8340
INFO: 2022-08-04 10:54:43,081 : Epoch 7 of 50 :  	  Step 0 of 40: 	 loss_train: 0.1047 	 loss_classification: 0.0007 	loss_Location: 0.1732
INFO: 2022-08-04 10:55:32,173 : Epoch 7 of 50:  	 Dev_Acc : 0.8360  	 Best_Dev_Acc:0.8360
INFO: 2022-08-04 10:55:34,992 : Epoch 8 of 50 :  	  Step 0 of 40: 	 loss_train: 0.0908 	 loss_classification: 0.0007 	loss_Location: 0.1501
INFO: 2022-08-04 10:56:22,048 : Epoch 8 of 50:  	 Dev_Acc : 0.8300  	 Best_Dev_Acc:0.8360
INFO: 2022-08-04 10:56:24,770 : Epoch 9 of 50 :  	  Step 0 of 40: 	 loss_train: 0.0814 	 loss_classification: 0.0012 	loss_Location: 0.1337
INFO: 2022-08-04 10:57:13,785 : Epoch 9 of 50:  	 Dev_Acc : 0.8280  	 Best_Dev_Acc:0.8360
INFO: 2022-08-04 10:57:16,523 : Epoch 10 of 50 :  	  Step 0 of 40: 	 loss_train: 0.0718 	 loss_classification: 0.0009 	loss_Location: 0.1181
INFO: 2022-08-04 10:58:05,966 : Epoch 10 of 50:  	 Dev_Acc : 0.8360  	 Best_Dev_Acc:0.8360
INFO: 2022-08-04 10:58:08,746 : Epoch 11 of 50 :  	  Step 0 of 40: 	 loss_train: 0.0649 	 loss_classification: 0.0012 	loss_Location: 0.1062
INFO: 2022-08-04 10:58:57,884 : Epoch 11 of 50:  	 Dev_Acc : 0.8300  	 Best_Dev_Acc:0.8360
INFO: 2022-08-04 10:59:00,695 : Epoch 12 of 50 :  	  Step 0 of 40: 	 loss_train: 0.0578 	 loss_classification: 0.0006 	loss_Location: 0.0954
INFO: 2022-08-04 10:59:48,834 : Epoch 12 of 50:  	 Dev_Acc : 0.8420  	 Best_Dev_Acc:0.8420
INFO: 2022-08-04 10:59:51,605 : Epoch 13 of 50 :  	  Step 0 of 40: 	 loss_train: 0.0526 	 loss_classification: 0.0005 	loss_Location: 0.0868
INFO: 2022-08-04 11:00:40,398 : Epoch 13 of 50:  	 Dev_Acc : 0.8440  	 Best_Dev_Acc:0.8440
INFO: 2022-08-04 11:00:43,130 : Epoch 14 of 50 :  	  Step 0 of 40: 	 loss_train: 0.0487 	 loss_classification: 0.0003 	loss_Location: 0.0807
INFO: 2022-08-04 11:01:31,884 : Epoch 14 of 50:  	 Dev_Acc : 0.8440  	 Best_Dev_Acc:0.8440
INFO: 2022-08-04 11:01:34,644 : Epoch 15 of 50 :  	  Step 0 of 40: 	 loss_train: 0.0461 	 loss_classification: 0.0013 	loss_Location: 0.0747
INFO: 2022-08-04 11:02:23,167 : Epoch 15 of 50:  	 Dev_Acc : 0.8440  	 Best_Dev_Acc:0.8440
INFO: 2022-08-04 11:02:25,951 : Epoch 16 of 50 :  	  Step 0 of 40: 	 loss_train: 0.0410 	 loss_classification: 0.0004 	loss_Location: 0.0677
INFO: 2022-08-04 11:03:14,919 : Epoch 16 of 50:  	 Dev_Acc : 0.8460  	 Best_Dev_Acc:0.8460
INFO: 2022-08-04 11:03:17,788 : Epoch 17 of 50 :  	  Step 0 of 40: 	 loss_train: 0.0384 	 loss_classification: 0.0004 	loss_Location: 0.0633
INFO: 2022-08-04 11:04:07,221 : Epoch 17 of 50:  	 Dev_Acc : 0.8400  	 Best_Dev_Acc:0.8460
INFO: 2022-08-04 11:04:09,929 : Epoch 18 of 50 :  	  Step 0 of 40: 	 loss_train: 0.0351 	 loss_classification: 0.0002 	loss_Location: 0.0583
INFO: 2022-08-04 11:04:58,639 : Epoch 18 of 50:  	 Dev_Acc : 0.8420  	 Best_Dev_Acc:0.8460
INFO: 2022-08-04 11:05:01,568 : Epoch 19 of 50 :  	  Step 0 of 40: 	 loss_train: 0.0337 	 loss_classification: 0.0005 	loss_Location: 0.0554
INFO: 2022-08-04 11:05:50,619 : Epoch 19 of 50:  	 Dev_Acc : 0.8500  	 Best_Dev_Acc:0.8500
INFO: 2022-08-04 11:05:53,372 : Epoch 20 of 50 :  	  Step 0 of 40: 	 loss_train: 0.0320 	 loss_classification: 0.0014 	loss_Location: 0.0511
INFO: 2022-08-04 11:06:41,381 : Epoch 20 of 50:  	 Dev_Acc : 0.8380  	 Best_Dev_Acc:0.8500
INFO: 2022-08-04 11:06:44,140 : Epoch 21 of 50 :  	  Step 0 of 40: 	 loss_train: 0.0304 	 loss_classification: 0.0002 	loss_Location: 0.0503
INFO: 2022-08-04 11:07:33,940 : Epoch 21 of 50:  	 Dev_Acc : 0.8360  	 Best_Dev_Acc:0.8500
INFO: 2022-08-04 11:07:36,634 : Epoch 22 of 50 :  	  Step 0 of 40: 	 loss_train: 0.0304 	 loss_classification: 0.0004 	loss_Location: 0.0499
INFO: 2022-08-04 11:08:25,441 : Epoch 22 of 50:  	 Dev_Acc : 0.8420  	 Best_Dev_Acc:0.8500
INFO: 2022-08-04 11:08:28,263 : Epoch 23 of 50 :  	  Step 0 of 40: 	 loss_train: 0.0296 	 loss_classification: 0.0006 	loss_Location: 0.0483
INFO: 2022-08-04 11:09:17,230 : Epoch 23 of 50:  	 Dev_Acc : 0.8340  	 Best_Dev_Acc:0.8500
INFO: 2022-08-04 11:09:19,917 : Epoch 24 of 50 :  	  Step 0 of 40: 	 loss_train: 0.0292 	 loss_classification: 0.0003 	loss_Location: 0.0482
INFO: 2022-08-04 11:10:08,272 : Epoch 24 of 50:  	 Dev_Acc : 0.8300  	 Best_Dev_Acc:0.8500
INFO: 2022-08-04 11:10:11,066 : Epoch 25 of 50 :  	  Step 0 of 40: 	 loss_train: 0.0278 	 loss_classification: 0.0003 	loss_Location: 0.0458
INFO: 2022-08-04 11:11:00,573 : Epoch 25 of 50:  	 Dev_Acc : 0.8380  	 Best_Dev_Acc:0.8500
INFO: 2022-08-04 11:11:03,422 : Epoch 26 of 50 :  	  Step 0 of 40: 	 loss_train: 0.0270 	 loss_classification: 0.0002 	loss_Location: 0.0446
INFO: 2022-08-04 11:11:52,461 : Epoch 26 of 50:  	 Dev_Acc : 0.8420  	 Best_Dev_Acc:0.8500
INFO: 2022-08-04 11:11:55,214 : Epoch 27 of 50 :  	  Step 0 of 40: 	 loss_train: 0.0266 	 loss_classification: 0.0003 	loss_Location: 0.0439
INFO: 2022-08-04 11:12:44,167 : Epoch 27 of 50:  	 Dev_Acc : 0.8380  	 Best_Dev_Acc:0.8500
INFO: 2022-08-04 11:12:46,891 : Epoch 28 of 50 :  	  Step 0 of 40: 	 loss_train: 0.0267 	 loss_classification: 0.0004 	loss_Location: 0.0438
INFO: 2022-08-04 11:13:35,231 : Epoch 28 of 50:  	 Dev_Acc : 0.8320  	 Best_Dev_Acc:0.8500
INFO: 2022-08-04 11:13:37,980 : Epoch 29 of 50 :  	  Step 0 of 40: 	 loss_train: 0.0259 	 loss_classification: 0.0004 	loss_Location: 0.0425
INFO: 2022-08-04 11:14:26,333 : Epoch 29 of 50:  	 Dev_Acc : 0.8480  	 Best_Dev_Acc:0.8500
INFO: 2022-08-04 11:14:29,077 : Epoch 30 of 50 :  	  Step 0 of 40: 	 loss_train: 0.0252 	 loss_classification: 0.0005 	loss_Location: 0.0411
INFO: 2022-08-04 11:15:18,714 : Epoch 30 of 50:  	 Dev_Acc : 0.8360  	 Best_Dev_Acc:0.8500
INFO: 2022-08-04 11:15:21,521 : Epoch 31 of 50 :  	  Step 0 of 40: 	 loss_train: 0.0254 	 loss_classification: 0.0004 	loss_Location: 0.0417
INFO: 2022-08-04 11:16:09,978 : Epoch 31 of 50:  	 Dev_Acc : 0.8400  	 Best_Dev_Acc:0.8500
INFO: 2022-08-04 11:16:12,661 : Epoch 32 of 50 :  	  Step 0 of 40: 	 loss_train: 0.0243 	 loss_classification: 0.0005 	loss_Location: 0.0396
INFO: 2022-08-04 11:17:01,490 : Epoch 32 of 50:  	 Dev_Acc : 0.8440  	 Best_Dev_Acc:0.8500
INFO: 2022-08-04 11:17:04,269 : Epoch 33 of 50 :  	  Step 0 of 40: 	 loss_train: 0.0245 	 loss_classification: 0.0006 	loss_Location: 0.0398
INFO: 2022-08-04 11:17:53,466 : Epoch 33 of 50:  	 Dev_Acc : 0.8400  	 Best_Dev_Acc:0.8500
INFO: 2022-08-04 11:17:56,189 : Epoch 34 of 50 :  	  Step 0 of 40: 	 loss_train: 0.0235 	 loss_classification: 0.0002 	loss_Location: 0.0389
INFO: 2022-08-04 11:18:45,057 : Epoch 34 of 50:  	 Dev_Acc : 0.8380  	 Best_Dev_Acc:0.8500
INFO: 2022-08-04 11:18:47,797 : Epoch 35 of 50 :  	  Step 0 of 40: 	 loss_train: 0.0237 	 loss_classification: 0.0014 	loss_Location: 0.0372
INFO: 2022-08-04 11:19:36,348 : Epoch 35 of 50:  	 Dev_Acc : 0.8480  	 Best_Dev_Acc:0.8500
INFO: 2022-08-04 11:19:39,159 : Epoch 36 of 50 :  	  Step 0 of 40: 	 loss_train: 0.0231 	 loss_classification: 0.0009 	loss_Location: 0.0369
INFO: 2022-08-04 11:20:28,141 : Epoch 36 of 50:  	 Dev_Acc : 0.8360  	 Best_Dev_Acc:0.8500
INFO: 2022-08-04 11:20:30,983 : Epoch 37 of 50 :  	  Step 0 of 40: 	 loss_train: 0.0219 	 loss_classification: 0.0003 	loss_Location: 0.0361
INFO: 2022-08-04 11:21:20,064 : Epoch 37 of 50:  	 Dev_Acc : 0.8320  	 Best_Dev_Acc:0.8500
INFO: 2022-08-04 11:21:22,924 : Epoch 38 of 50 :  	  Step 0 of 40: 	 loss_train: 0.0217 	 loss_classification: 0.0002 	loss_Location: 0.0359
INFO: 2022-08-04 11:22:11,639 : Epoch 38 of 50:  	 Dev_Acc : 0.8480  	 Best_Dev_Acc:0.8500
INFO: 2022-08-04 11:22:14,329 : Epoch 39 of 50 :  	  Step 0 of 40: 	 loss_train: 0.0218 	 loss_classification: 0.0005 	loss_Location: 0.0354
INFO: 2022-08-04 11:23:02,858 : Epoch 39 of 50:  	 Dev_Acc : 0.8320  	 Best_Dev_Acc:0.8500
INFO: 2022-08-04 11:23:05,651 : Epoch 40 of 50 :  	  Step 0 of 40: 	 loss_train: 0.0214 	 loss_classification: 0.0004 	loss_Location: 0.0350
INFO: 2022-08-04 11:23:54,663 : Epoch 40 of 50:  	 Dev_Acc : 0.8540  	 Best_Dev_Acc:0.8540
INFO: 2022-08-04 11:23:57,422 : Epoch 41 of 50 :  	  Step 0 of 40: 	 loss_train: 0.0205 	 loss_classification: 0.0002 	loss_Location: 0.0339
INFO: 2022-08-04 11:24:46,510 : Epoch 41 of 50:  	 Dev_Acc : 0.8380  	 Best_Dev_Acc:0.8540
INFO: 2022-08-04 11:24:49,342 : Epoch 42 of 50 :  	  Step 0 of 40: 	 loss_train: 0.0208 	 loss_classification: 0.0008 	loss_Location: 0.0334
INFO: 2022-08-04 11:25:38,403 : Epoch 42 of 50:  	 Dev_Acc : 0.8460  	 Best_Dev_Acc:0.8540
INFO: 2022-08-04 11:25:41,212 : Epoch 43 of 50 :  	  Step 0 of 40: 	 loss_train: 0.0206 	 loss_classification: 0.0005 	loss_Location: 0.0334
INFO: 2022-08-04 11:26:29,880 : Epoch 43 of 50:  	 Dev_Acc : 0.8460  	 Best_Dev_Acc:0.8540
INFO: 2022-08-04 11:26:32,569 : Epoch 44 of 50 :  	  Step 0 of 40: 	 loss_train: 0.0206 	 loss_classification: 0.0007 	loss_Location: 0.0332
INFO: 2022-08-04 11:27:21,580 : Epoch 44 of 50:  	 Dev_Acc : 0.8480  	 Best_Dev_Acc:0.8540
INFO: 2022-08-04 11:27:24,345 : Epoch 45 of 50 :  	  Step 0 of 40: 	 loss_train: 0.0203 	 loss_classification: 0.0003 	loss_Location: 0.0334
INFO: 2022-08-04 11:28:13,608 : Epoch 45 of 50:  	 Dev_Acc : 0.8420  	 Best_Dev_Acc:0.8540
INFO: 2022-08-04 11:28:16,396 : Epoch 46 of 50 :  	  Step 0 of 40: 	 loss_train: 0.0200 	 loss_classification: 0.0002 	loss_Location: 0.0331
INFO: 2022-08-04 11:29:05,028 : Epoch 46 of 50:  	 Dev_Acc : 0.8440  	 Best_Dev_Acc:0.8540
INFO: 2022-08-04 11:29:07,732 : Epoch 47 of 50 :  	  Step 0 of 40: 	 loss_train: 0.0199 	 loss_classification: 0.0002 	loss_Location: 0.0328
INFO: 2022-08-04 11:29:56,999 : Epoch 47 of 50:  	 Dev_Acc : 0.8560  	 Best_Dev_Acc:0.8560
INFO: 2022-08-04 11:29:59,692 : Epoch 48 of 50 :  	  Step 0 of 40: 	 loss_train: 0.0197 	 loss_classification: 0.0002 	loss_Location: 0.0324
INFO: 2022-08-04 11:30:49,195 : Epoch 48 of 50:  	 Dev_Acc : 0.8500  	 Best_Dev_Acc:0.8560
INFO: 2022-08-04 11:30:51,993 : Epoch 49 of 50 :  	  Step 0 of 40: 	 loss_train: 0.0199 	 loss_classification: 0.0002 	loss_Location: 0.0327
INFO: 2022-08-04 11:31:40,564 : Epoch 49 of 50:  	 Dev_Acc : 0.8540  	 Best_Dev_Acc:0.8560
INFO: 2022-08-04 11:31:40,564 : Few-shot model start finish!
INFO: 2022-08-04 11:31:40,564 : ----------------------------------------------------------------------------------------------------experiment finish!----------------------------------------------------------------------------------------------------
INFO: 2022-08-04 11:31:40,629 : Sample FSL classes:   
INFO: 2022-08-04 11:31:40,629 : [10, 13, 15, 11, 14]
INFO: 2022-08-04 11:31:40,810 : Few-shot model start training...
INFO: 2022-08-04 11:31:43,347 : Epoch 0 of 50 :  	  Step 0 of 40: 	 loss_train: 0.6212 	 loss_classification: 0.1934 	loss_Location: 0.7129
INFO: 2022-08-04 11:32:29,487 : Epoch 0 of 50:  	 Dev_Acc : 0.7720  	 Best_Dev_Acc:0.7720
INFO: 2022-08-04 11:32:32,091 : Epoch 1 of 50 :  	  Step 0 of 40: 	 loss_train: 0.3550 	 loss_classification: 0.0051 	loss_Location: 0.5832
INFO: 2022-08-04 11:33:17,967 : Epoch 1 of 50:  	 Dev_Acc : 0.7680  	 Best_Dev_Acc:0.7720
INFO: 2022-08-04 11:33:20,704 : Epoch 2 of 50 :  	  Step 0 of 40: 	 loss_train: 0.2797 	 loss_classification: 0.0049 	loss_Location: 0.4579
INFO: 2022-08-04 11:34:06,791 : Epoch 2 of 50:  	 Dev_Acc : 0.7720  	 Best_Dev_Acc:0.7720
INFO: 2022-08-04 11:34:09,409 : Epoch 3 of 50 :  	  Step 0 of 40: 	 loss_train: 0.2218 	 loss_classification: 0.0008 	loss_Location: 0.3683
INFO: 2022-08-04 11:34:55,725 : Epoch 3 of 50:  	 Dev_Acc : 0.7720  	 Best_Dev_Acc:0.7720
INFO: 2022-08-04 11:34:58,368 : Epoch 4 of 50 :  	  Step 0 of 40: 	 loss_train: 0.1813 	 loss_classification: 0.0015 	loss_Location: 0.2996
INFO: 2022-08-04 11:35:45,448 : Epoch 4 of 50:  	 Dev_Acc : 0.7520  	 Best_Dev_Acc:0.7720
INFO: 2022-08-04 11:35:48,082 : Epoch 5 of 50 :  	  Step 0 of 40: 	 loss_train: 0.1512 	 loss_classification: 0.0010 	loss_Location: 0.2504
INFO: 2022-08-04 11:36:33,776 : Epoch 5 of 50:  	 Dev_Acc : 0.7400  	 Best_Dev_Acc:0.7720
INFO: 2022-08-04 11:36:36,425 : Epoch 6 of 50 :  	  Step 0 of 40: 	 loss_train: 0.1284 	 loss_classification: 0.0005 	loss_Location: 0.2131
INFO: 2022-08-04 11:37:22,655 : Epoch 6 of 50:  	 Dev_Acc : 0.7560  	 Best_Dev_Acc:0.7720
INFO: 2022-08-04 11:37:25,122 : Epoch 7 of 50 :  	  Step 0 of 40: 	 loss_train: 0.1107 	 loss_classification: 0.0011 	loss_Location: 0.1827
INFO: 2022-08-04 11:38:11,425 : Epoch 7 of 50:  	 Dev_Acc : 0.7720  	 Best_Dev_Acc:0.7720
INFO: 2022-08-04 11:38:14,019 : Epoch 8 of 50 :  	  Step 0 of 40: 	 loss_train: 0.0948 	 loss_classification: 0.0005 	loss_Location: 0.1571
INFO: 2022-08-04 11:38:59,760 : Epoch 8 of 50:  	 Dev_Acc : 0.7540  	 Best_Dev_Acc:0.7720
INFO: 2022-08-04 11:39:02,463 : Epoch 9 of 50 :  	  Step 0 of 40: 	 loss_train: 0.0834 	 loss_classification: 0.0004 	loss_Location: 0.1384
INFO: 2022-08-04 11:39:48,598 : Epoch 9 of 50:  	 Dev_Acc : 0.7300  	 Best_Dev_Acc:0.7720
INFO: 2022-08-04 11:39:51,229 : Epoch 10 of 50 :  	  Step 0 of 40: 	 loss_train: 0.0748 	 loss_classification: 0.0006 	loss_Location: 0.1237
INFO: 2022-08-04 11:40:36,686 : Epoch 10 of 50:  	 Dev_Acc : 0.7660  	 Best_Dev_Acc:0.7720
INFO: 2022-08-04 11:40:39,408 : Epoch 11 of 50 :  	  Step 0 of 40: 	 loss_train: 0.0670 	 loss_classification: 0.0006 	loss_Location: 0.1106
INFO: 2022-08-04 11:41:24,777 : Epoch 11 of 50:  	 Dev_Acc : 0.7160  	 Best_Dev_Acc:0.7720
INFO: 2022-08-04 11:41:27,370 : Epoch 12 of 50 :  	  Step 0 of 40: 	 loss_train: 0.0595 	 loss_classification: 0.0005 	loss_Location: 0.0984
INFO: 2022-08-04 11:42:13,158 : Epoch 12 of 50:  	 Dev_Acc : 0.7660  	 Best_Dev_Acc:0.7720
INFO: 2022-08-04 11:42:15,697 : Epoch 13 of 50 :  	  Step 0 of 40: 	 loss_train: 0.0546 	 loss_classification: 0.0009 	loss_Location: 0.0895
INFO: 2022-08-04 11:43:01,382 : Epoch 13 of 50:  	 Dev_Acc : 0.7320  	 Best_Dev_Acc:0.7720
INFO: 2022-08-04 11:43:03,890 : Epoch 14 of 50 :  	  Step 0 of 40: 	 loss_train: 0.0496 	 loss_classification: 0.0006 	loss_Location: 0.0817
INFO: 2022-08-04 11:43:48,606 : Epoch 14 of 50:  	 Dev_Acc : 0.7580  	 Best_Dev_Acc:0.7720
INFO: 2022-08-04 11:43:51,333 : Epoch 15 of 50 :  	  Step 0 of 40: 	 loss_train: 0.0457 	 loss_classification: 0.0009 	loss_Location: 0.0747
INFO: 2022-08-04 11:44:37,122 : Epoch 15 of 50:  	 Dev_Acc : 0.7680  	 Best_Dev_Acc:0.7720
INFO: 2022-08-04 11:44:39,724 : Epoch 16 of 50 :  	  Step 0 of 40: 	 loss_train: 0.0419 	 loss_classification: 0.0005 	loss_Location: 0.0689
INFO: 2022-08-04 11:45:26,742 : Epoch 16 of 50:  	 Dev_Acc : 0.7480  	 Best_Dev_Acc:0.7720
INFO: 2022-08-04 11:45:29,425 : Epoch 17 of 50 :  	  Step 0 of 40: 	 loss_train: 0.0393 	 loss_classification: 0.0009 	loss_Location: 0.0639
INFO: 2022-08-04 11:46:15,071 : Epoch 17 of 50:  	 Dev_Acc : 0.7580  	 Best_Dev_Acc:0.7720
INFO: 2022-08-04 11:46:17,671 : Epoch 18 of 50 :  	  Step 0 of 40: 	 loss_train: 0.0380 	 loss_classification: 0.0022 	loss_Location: 0.0596
INFO: 2022-08-04 11:47:03,514 : Epoch 18 of 50:  	 Dev_Acc : 0.7640  	 Best_Dev_Acc:0.7720
INFO: 2022-08-04 11:47:06,216 : Epoch 19 of 50 :  	  Step 0 of 40: 	 loss_train: 0.0342 	 loss_classification: 0.0004 	loss_Location: 0.0562
INFO: 2022-08-04 11:47:53,091 : Epoch 19 of 50:  	 Dev_Acc : 0.7520  	 Best_Dev_Acc:0.7720
INFO: 2022-08-04 11:47:55,685 : Epoch 20 of 50 :  	  Step 0 of 40: 	 loss_train: 0.0319 	 loss_classification: 0.0003 	loss_Location: 0.0526
INFO: 2022-08-04 11:48:41,138 : Epoch 20 of 50:  	 Dev_Acc : 0.7600  	 Best_Dev_Acc:0.7720
INFO: 2022-08-04 11:48:43,779 : Epoch 21 of 50 :  	  Step 0 of 40: 	 loss_train: 0.0316 	 loss_classification: 0.0006 	loss_Location: 0.0518
INFO: 2022-08-04 11:49:29,640 : Epoch 21 of 50:  	 Dev_Acc : 0.7500  	 Best_Dev_Acc:0.7720
INFO: 2022-08-04 11:49:32,334 : Epoch 22 of 50 :  	  Step 0 of 40: 	 loss_train: 0.0307 	 loss_classification: 0.0003 	loss_Location: 0.0507
INFO: 2022-08-04 11:50:18,255 : Epoch 22 of 50:  	 Dev_Acc : 0.7520  	 Best_Dev_Acc:0.7720
INFO: 2022-08-04 11:50:20,811 : Epoch 23 of 50 :  	  Step 0 of 40: 	 loss_train: 0.0296 	 loss_classification: 0.0004 	loss_Location: 0.0486
INFO: 2022-08-04 11:51:07,635 : Epoch 23 of 50:  	 Dev_Acc : 0.7320  	 Best_Dev_Acc:0.7720
INFO: 2022-08-04 11:51:10,290 : Epoch 24 of 50 :  	  Step 0 of 40: 	 loss_train: 0.0291 	 loss_classification: 0.0002 	loss_Location: 0.0482
INFO: 2022-08-04 11:51:55,306 : Epoch 24 of 50:  	 Dev_Acc : 0.7620  	 Best_Dev_Acc:0.7720
INFO: 2022-08-04 11:51:57,935 : Epoch 25 of 50 :  	  Step 0 of 40: 	 loss_train: 0.0291 	 loss_classification: 0.0006 	loss_Location: 0.0476
INFO: 2022-08-04 11:52:42,592 : Epoch 25 of 50:  	 Dev_Acc : 0.7560  	 Best_Dev_Acc:0.7720
INFO: 2022-08-04 11:52:45,163 : Epoch 26 of 50 :  	  Step 0 of 40: 	 loss_train: 0.0281 	 loss_classification: 0.0003 	loss_Location: 0.0464
INFO: 2022-08-04 11:53:31,631 : Epoch 26 of 50:  	 Dev_Acc : 0.7520  	 Best_Dev_Acc:0.7720
INFO: 2022-08-04 11:53:34,220 : Epoch 27 of 50 :  	  Step 0 of 40: 	 loss_train: 0.0276 	 loss_classification: 0.0004 	loss_Location: 0.0454
INFO: 2022-08-04 11:54:20,403 : Epoch 27 of 50:  	 Dev_Acc : 0.7580  	 Best_Dev_Acc:0.7720
INFO: 2022-08-04 11:54:22,950 : Epoch 28 of 50 :  	  Step 0 of 40: 	 loss_train: 0.0267 	 loss_classification: 0.0005 	loss_Location: 0.0437
INFO: 2022-08-04 11:55:09,020 : Epoch 28 of 50:  	 Dev_Acc : 0.7340  	 Best_Dev_Acc:0.7720
INFO: 2022-08-04 11:55:11,624 : Epoch 29 of 50 :  	  Step 0 of 40: 	 loss_train: 0.0260 	 loss_classification: 0.0002 	loss_Location: 0.0430
INFO: 2022-08-04 11:55:56,003 : Epoch 29 of 50:  	 Dev_Acc : 0.7580  	 Best_Dev_Acc:0.7720
INFO: 2022-08-04 11:55:58,550 : Epoch 30 of 50 :  	  Step 0 of 40: 	 loss_train: 0.0256 	 loss_classification: 0.0001 	loss_Location: 0.0424
INFO: 2022-08-04 11:56:44,194 : Epoch 30 of 50:  	 Dev_Acc : 0.7820  	 Best_Dev_Acc:0.7820
INFO: 2022-08-04 11:56:46,902 : Epoch 31 of 50 :  	  Step 0 of 40: 	 loss_train: 0.0250 	 loss_classification: 0.0002 	loss_Location: 0.0415
INFO: 2022-08-04 11:57:32,946 : Epoch 31 of 50:  	 Dev_Acc : 0.7440  	 Best_Dev_Acc:0.7820
INFO: 2022-08-04 11:57:35,565 : Epoch 32 of 50 :  	  Step 0 of 40: 	 loss_train: 0.0242 	 loss_classification: 0.0003 	loss_Location: 0.0399
INFO: 2022-08-04 11:58:21,227 : Epoch 32 of 50:  	 Dev_Acc : 0.7540  	 Best_Dev_Acc:0.7820
INFO: 2022-08-04 11:58:23,863 : Epoch 33 of 50 :  	  Step 0 of 40: 	 loss_train: 0.0242 	 loss_classification: 0.0001 	loss_Location: 0.0402
INFO: 2022-08-04 11:59:09,736 : Epoch 33 of 50:  	 Dev_Acc : 0.7440  	 Best_Dev_Acc:0.7820
INFO: 2022-08-04 11:59:12,405 : Epoch 34 of 50 :  	  Step 0 of 40: 	 loss_train: 0.0238 	 loss_classification: 0.0005 	loss_Location: 0.0388
INFO: 2022-08-04 11:59:59,109 : Epoch 34 of 50:  	 Dev_Acc : 0.7420  	 Best_Dev_Acc:0.7820
INFO: 2022-08-04 12:00:01,754 : Epoch 35 of 50 :  	  Step 0 of 40: 	 loss_train: 0.0236 	 loss_classification: 0.0004 	loss_Location: 0.0386
INFO: 2022-08-04 12:00:46,990 : Epoch 35 of 50:  	 Dev_Acc : 0.7440  	 Best_Dev_Acc:0.7820
INFO: 2022-08-04 12:00:49,710 : Epoch 36 of 50 :  	  Step 0 of 40: 	 loss_train: 0.0226 	 loss_classification: 0.0002 	loss_Location: 0.0374
INFO: 2022-08-04 12:01:35,542 : Epoch 36 of 50:  	 Dev_Acc : 0.7540  	 Best_Dev_Acc:0.7820
INFO: 2022-08-04 12:01:38,165 : Epoch 37 of 50 :  	  Step 0 of 40: 	 loss_train: 0.0224 	 loss_classification: 0.0002 	loss_Location: 0.0370
INFO: 2022-08-04 12:02:24,054 : Epoch 37 of 50:  	 Dev_Acc : 0.7140  	 Best_Dev_Acc:0.7820
INFO: 2022-08-04 12:02:26,587 : Epoch 38 of 50 :  	  Step 0 of 40: 	 loss_train: 0.0221 	 loss_classification: 0.0002 	loss_Location: 0.0364
INFO: 2022-08-04 12:03:13,194 : Epoch 38 of 50:  	 Dev_Acc : 0.7400  	 Best_Dev_Acc:0.7820
INFO: 2022-08-04 12:03:15,714 : Epoch 39 of 50 :  	  Step 0 of 40: 	 loss_train: 0.0228 	 loss_classification: 0.0015 	loss_Location: 0.0354
INFO: 2022-08-04 12:04:02,607 : Epoch 39 of 50:  	 Dev_Acc : 0.7300  	 Best_Dev_Acc:0.7820
INFO: 2022-08-04 12:04:05,247 : Epoch 40 of 50 :  	  Step 0 of 40: 	 loss_train: 0.0209 	 loss_classification: 0.0002 	loss_Location: 0.0346
INFO: 2022-08-04 12:04:51,174 : Epoch 40 of 50:  	 Dev_Acc : 0.7440  	 Best_Dev_Acc:0.7820
INFO: 2022-08-04 12:04:53,769 : Epoch 41 of 50 :  	  Step 0 of 40: 	 loss_train: 0.0214 	 loss_classification: 0.0004 	loss_Location: 0.0350
INFO: 2022-08-04 12:05:39,899 : Epoch 41 of 50:  	 Dev_Acc : 0.7420  	 Best_Dev_Acc:0.7820
INFO: 2022-08-04 12:05:42,455 : Epoch 42 of 50 :  	  Step 0 of 40: 	 loss_train: 0.0205 	 loss_classification: 0.0002 	loss_Location: 0.0339
INFO: 2022-08-04 12:06:28,236 : Epoch 42 of 50:  	 Dev_Acc : 0.7580  	 Best_Dev_Acc:0.7820
INFO: 2022-08-04 12:06:30,790 : Epoch 43 of 50 :  	  Step 0 of 40: 	 loss_train: 0.0210 	 loss_classification: 0.0006 	loss_Location: 0.0340
INFO: 2022-08-04 12:07:16,866 : Epoch 43 of 50:  	 Dev_Acc : 0.7640  	 Best_Dev_Acc:0.7820
INFO: 2022-08-04 12:07:19,501 : Epoch 44 of 50 :  	  Step 0 of 40: 	 loss_train: 0.0205 	 loss_classification: 0.0001 	loss_Location: 0.0341
INFO: 2022-08-04 12:08:05,728 : Epoch 44 of 50:  	 Dev_Acc : 0.7240  	 Best_Dev_Acc:0.7820
INFO: 2022-08-04 12:08:08,364 : Epoch 45 of 50 :  	  Step 0 of 40: 	 loss_train: 0.0204 	 loss_classification: 0.0001 	loss_Location: 0.0338
INFO: 2022-08-04 12:08:54,354 : Epoch 45 of 50:  	 Dev_Acc : 0.7180  	 Best_Dev_Acc:0.7820
INFO: 2022-08-04 12:08:57,008 : Epoch 46 of 50 :  	  Step 0 of 40: 	 loss_train: 0.0206 	 loss_classification: 0.0004 	loss_Location: 0.0336
INFO: 2022-08-04 12:09:43,087 : Epoch 46 of 50:  	 Dev_Acc : 0.7400  	 Best_Dev_Acc:0.7820
INFO: 2022-08-04 12:09:45,658 : Epoch 47 of 50 :  	  Step 0 of 40: 	 loss_train: 0.0202 	 loss_classification: 0.0001 	loss_Location: 0.0335
INFO: 2022-08-04 12:10:31,296 : Epoch 47 of 50:  	 Dev_Acc : 0.7380  	 Best_Dev_Acc:0.7820
INFO: 2022-08-04 12:10:33,989 : Epoch 48 of 50 :  	  Step 0 of 40: 	 loss_train: 0.0203 	 loss_classification: 0.0005 	loss_Location: 0.0331
INFO: 2022-08-04 12:11:20,098 : Epoch 48 of 50:  	 Dev_Acc : 0.7320  	 Best_Dev_Acc:0.7820
INFO: 2022-08-04 12:11:22,679 : Epoch 49 of 50 :  	  Step 0 of 40: 	 loss_train: 0.0198 	 loss_classification: 0.0001 	loss_Location: 0.0328
INFO: 2022-08-04 12:12:09,254 : Epoch 49 of 50:  	 Dev_Acc : 0.7400  	 Best_Dev_Acc:0.7820
INFO: 2022-08-04 12:12:09,255 : Few-shot model start finish!
INFO: 2022-08-04 12:12:09,255 : ----------------------------------------------------------------------------------------------------experiment finish!----------------------------------------------------------------------------------------------------
INFO: 2022-08-04 12:12:09,312 : Sample FSL classes:   
INFO: 2022-08-04 12:12:09,312 : [5, 13, 6, 12, 9]
INFO: 2022-08-04 12:12:09,469 : Few-shot model start training...
INFO: 2022-08-04 12:12:15,595 : Epoch 0 of 50 :  	  Step 0 of 40: 	 loss_train: 0.6496 	 loss_classification: 0.2251 	loss_Location: 0.7075
INFO: 2022-08-04 12:13:39,425 : Epoch 0 of 50:  	 Dev_Acc : 0.6420  	 Best_Dev_Acc:0.6420
INFO: 2022-08-04 12:13:43,638 : Epoch 1 of 50 :  	  Step 0 of 40: 	 loss_train: 0.3504 	 loss_classification: 0.0076 	loss_Location: 0.5714
INFO: 2022-08-04 12:15:16,337 : Epoch 1 of 50:  	 Dev_Acc : 0.6320  	 Best_Dev_Acc:0.6420
INFO: 2022-08-04 12:15:20,578 : Epoch 2 of 50 :  	  Step 0 of 40: 	 loss_train: 0.2737 	 loss_classification: 0.0071 	loss_Location: 0.4443
INFO: 2022-08-04 12:16:52,063 : Epoch 2 of 50:  	 Dev_Acc : 0.6440  	 Best_Dev_Acc:0.6440
INFO: 2022-08-04 12:16:56,558 : Epoch 3 of 50 :  	  Step 0 of 40: 	 loss_train: 0.2139 	 loss_classification: 0.0029 	loss_Location: 0.3516
INFO: 2022-08-04 12:18:29,467 : Epoch 3 of 50:  	 Dev_Acc : 0.6400  	 Best_Dev_Acc:0.6440
INFO: 2022-08-04 12:18:33,767 : Epoch 4 of 50 :  	  Step 0 of 40: 	 loss_train: 0.1721 	 loss_classification: 0.0013 	loss_Location: 0.2846
INFO: 2022-08-04 12:20:01,396 : Epoch 4 of 50:  	 Dev_Acc : 0.6300  	 Best_Dev_Acc:0.6440
INFO: 2022-08-04 12:20:06,037 : Epoch 5 of 50 :  	  Step 0 of 40: 	 loss_train: 0.1474 	 loss_classification: 0.0066 	loss_Location: 0.2347
INFO: 2022-08-04 12:21:36,292 : Epoch 5 of 50:  	 Dev_Acc : 0.6320  	 Best_Dev_Acc:0.6440
INFO: 2022-08-04 12:21:41,338 : Epoch 6 of 50 :  	  Step 0 of 40: 	 loss_train: 0.1208 	 loss_classification: 0.0023 	loss_Location: 0.1976
INFO: 2022-08-04 12:23:08,393 : Epoch 6 of 50:  	 Dev_Acc : 0.6340  	 Best_Dev_Acc:0.6440
INFO: 2022-08-04 12:23:12,490 : Epoch 7 of 50 :  	  Step 0 of 40: 	 loss_train: 0.1054 	 loss_classification: 0.0039 	loss_Location: 0.1692
INFO: 2022-08-04 12:24:41,539 : Epoch 7 of 50:  	 Dev_Acc : 0.6320  	 Best_Dev_Acc:0.6440
INFO: 2022-08-04 12:24:46,419 : Epoch 8 of 50 :  	  Step 0 of 40: 	 loss_train: 0.0895 	 loss_classification: 0.0017 	loss_Location: 0.1463
INFO: 2022-08-04 12:26:13,770 : Epoch 8 of 50:  	 Dev_Acc : 0.6360  	 Best_Dev_Acc:0.6440
INFO: 2022-08-04 12:26:18,093 : Epoch 9 of 50 :  	  Step 0 of 40: 	 loss_train: 0.0775 	 loss_classification: 0.0007 	loss_Location: 0.1279
INFO: 2022-08-04 12:27:48,575 : Epoch 9 of 50:  	 Dev_Acc : 0.6320  	 Best_Dev_Acc:0.6440
INFO: 2022-08-04 12:27:52,505 : Epoch 10 of 50 :  	  Step 0 of 40: 	 loss_train: 0.0706 	 loss_classification: 0.0025 	loss_Location: 0.1135
INFO: 2022-08-04 12:29:27,493 : Epoch 10 of 50:  	 Dev_Acc : 0.6320  	 Best_Dev_Acc:0.6440
INFO: 2022-08-04 12:29:32,433 : Epoch 11 of 50 :  	  Step 0 of 40: 	 loss_train: 0.0624 	 loss_classification: 0.0013 	loss_Location: 0.1018
INFO: 2022-08-04 12:31:00,057 : Epoch 11 of 50:  	 Dev_Acc : 0.6320  	 Best_Dev_Acc:0.6440
INFO: 2022-08-04 12:31:04,991 : Epoch 12 of 50 :  	  Step 0 of 40: 	 loss_train: 0.0572 	 loss_classification: 0.0021 	loss_Location: 0.0919
INFO: 2022-08-04 12:32:28,669 : Epoch 12 of 50:  	 Dev_Acc : 0.6300  	 Best_Dev_Acc:0.6440
INFO: 2022-08-04 12:32:32,642 : Epoch 13 of 50 :  	  Step 0 of 40: 	 loss_train: 0.0520 	 loss_classification: 0.0009 	loss_Location: 0.0851
INFO: 2022-08-04 12:33:54,633 : Epoch 13 of 50:  	 Dev_Acc : 0.6460  	 Best_Dev_Acc:0.6460
INFO: 2022-08-04 12:34:00,003 : Epoch 14 of 50 :  	  Step 0 of 40: 	 loss_train: 0.0467 	 loss_classification: 0.0006 	loss_Location: 0.0769
INFO: 2022-08-04 12:35:24,092 : Epoch 14 of 50:  	 Dev_Acc : 0.6360  	 Best_Dev_Acc:0.6460
INFO: 2022-08-04 12:35:28,415 : Epoch 15 of 50 :  	  Step 0 of 40: 	 loss_train: 0.0434 	 loss_classification: 0.0010 	loss_Location: 0.0706
INFO: 2022-08-04 12:36:52,385 : Epoch 15 of 50:  	 Dev_Acc : 0.6440  	 Best_Dev_Acc:0.6460
INFO: 2022-08-04 12:36:57,037 : Epoch 16 of 50 :  	  Step 0 of 40: 	 loss_train: 0.0408 	 loss_classification: 0.0014 	loss_Location: 0.0657
INFO: 2022-08-04 12:38:24,645 : Epoch 16 of 50:  	 Dev_Acc : 0.6380  	 Best_Dev_Acc:0.6460
INFO: 2022-08-04 12:38:29,113 : Epoch 17 of 50 :  	  Step 0 of 40: 	 loss_train: 0.0386 	 loss_classification: 0.0022 	loss_Location: 0.0605
INFO: 2022-08-04 12:39:54,394 : Epoch 17 of 50:  	 Dev_Acc : 0.6360  	 Best_Dev_Acc:0.6460
INFO: 2022-08-04 12:39:59,076 : Epoch 18 of 50 :  	  Step 0 of 40: 	 loss_train: 0.0344 	 loss_classification: 0.0008 	loss_Location: 0.0561
INFO: 2022-08-04 12:41:22,315 : Epoch 18 of 50:  	 Dev_Acc : 0.6380  	 Best_Dev_Acc:0.6460
INFO: 2022-08-04 12:41:26,823 : Epoch 19 of 50 :  	  Step 0 of 40: 	 loss_train: 0.0325 	 loss_classification: 0.0008 	loss_Location: 0.0529
INFO: 2022-08-04 12:42:53,073 : Epoch 19 of 50:  	 Dev_Acc : 0.6360  	 Best_Dev_Acc:0.6460
INFO: 2022-08-04 12:42:57,522 : Epoch 20 of 50 :  	  Step 0 of 40: 	 loss_train: 0.0303 	 loss_classification: 0.0004 	loss_Location: 0.0499
INFO: 2022-08-04 12:44:21,997 : Epoch 20 of 50:  	 Dev_Acc : 0.6420  	 Best_Dev_Acc:0.6460
INFO: 2022-08-04 12:44:26,281 : Epoch 21 of 50 :  	  Step 0 of 40: 	 loss_train: 0.0299 	 loss_classification: 0.0005 	loss_Location: 0.0489
INFO: 2022-08-04 12:45:48,555 : Epoch 21 of 50:  	 Dev_Acc : 0.6480  	 Best_Dev_Acc:0.6480
INFO: 2022-08-04 12:45:53,827 : Epoch 22 of 50 :  	  Step 0 of 40: 	 loss_train: 0.0294 	 loss_classification: 0.0009 	loss_Location: 0.0475
INFO: 2022-08-04 12:47:18,406 : Epoch 22 of 50:  	 Dev_Acc : 0.6400  	 Best_Dev_Acc:0.6480
INFO: 2022-08-04 12:47:23,264 : Epoch 23 of 50 :  	  Step 0 of 40: 	 loss_train: 0.0280 	 loss_classification: 0.0004 	loss_Location: 0.0460
INFO: 2022-08-04 12:48:46,984 : Epoch 23 of 50:  	 Dev_Acc : 0.6320  	 Best_Dev_Acc:0.6480
INFO: 2022-08-04 12:48:51,587 : Epoch 24 of 50 :  	  Step 0 of 40: 	 loss_train: 0.0276 	 loss_classification: 0.0005 	loss_Location: 0.0451
INFO: 2022-08-04 12:50:13,460 : Epoch 24 of 50:  	 Dev_Acc : 0.6400  	 Best_Dev_Acc:0.6480
INFO: 2022-08-04 12:50:18,131 : Epoch 25 of 50 :  	  Step 0 of 40: 	 loss_train: 0.0278 	 loss_classification: 0.0011 	loss_Location: 0.0445
INFO: 2022-08-04 12:51:45,085 : Epoch 25 of 50:  	 Dev_Acc : 0.6360  	 Best_Dev_Acc:0.6480
INFO: 2022-08-04 12:51:49,596 : Epoch 26 of 50 :  	  Step 0 of 40: 	 loss_train: 0.0267 	 loss_classification: 0.0006 	loss_Location: 0.0435
INFO: 2022-08-04 12:53:12,587 : Epoch 26 of 50:  	 Dev_Acc : 0.6360  	 Best_Dev_Acc:0.6480
INFO: 2022-08-04 12:53:17,068 : Epoch 27 of 50 :  	  Step 0 of 40: 	 loss_train: 0.0266 	 loss_classification: 0.0011 	loss_Location: 0.0425
INFO: 2022-08-04 12:54:40,559 : Epoch 27 of 50:  	 Dev_Acc : 0.6440  	 Best_Dev_Acc:0.6480
INFO: 2022-08-04 12:54:45,575 : Epoch 28 of 50 :  	  Step 0 of 40: 	 loss_train: 0.0252 	 loss_classification: 0.0006 	loss_Location: 0.0409
INFO: 2022-08-04 12:56:09,991 : Epoch 28 of 50:  	 Dev_Acc : 0.6200  	 Best_Dev_Acc:0.6480
INFO: 2022-08-04 12:56:14,758 : Epoch 29 of 50 :  	  Step 0 of 40: 	 loss_train: 0.0246 	 loss_classification: 0.0004 	loss_Location: 0.0403
INFO: 2022-08-04 12:57:43,615 : Epoch 29 of 50:  	 Dev_Acc : 0.6440  	 Best_Dev_Acc:0.6480
INFO: 2022-08-04 12:57:47,622 : Epoch 30 of 50 :  	  Step 0 of 40: 	 loss_train: 0.0246 	 loss_classification: 0.0005 	loss_Location: 0.0401
INFO: 2022-08-04 12:59:14,777 : Epoch 30 of 50:  	 Dev_Acc : 0.6400  	 Best_Dev_Acc:0.6480
INFO: 2022-08-04 12:59:19,393 : Epoch 31 of 50 :  	  Step 0 of 40: 	 loss_train: 0.0242 	 loss_classification: 0.0007 	loss_Location: 0.0392
INFO: 2022-08-04 13:00:46,720 : Epoch 31 of 50:  	 Dev_Acc : 0.6380  	 Best_Dev_Acc:0.6480
INFO: 2022-08-04 13:00:51,948 : Epoch 32 of 50 :  	  Step 0 of 40: 	 loss_train: 0.0240 	 loss_classification: 0.0007 	loss_Location: 0.0388
INFO: 2022-08-04 13:02:13,854 : Epoch 32 of 50:  	 Dev_Acc : 0.6340  	 Best_Dev_Acc:0.6480
INFO: 2022-08-04 13:02:19,150 : Epoch 33 of 50 :  	  Step 0 of 40: 	 loss_train: 0.0233 	 loss_classification: 0.0007 	loss_Location: 0.0377
INFO: 2022-08-04 13:03:46,066 : Epoch 33 of 50:  	 Dev_Acc : 0.6300  	 Best_Dev_Acc:0.6480
INFO: 2022-08-04 13:03:50,413 : Epoch 34 of 50 :  	  Step 0 of 40: 	 loss_train: 0.0224 	 loss_classification: 0.0004 	loss_Location: 0.0367
INFO: 2022-08-04 13:05:19,745 : Epoch 34 of 50:  	 Dev_Acc : 0.6440  	 Best_Dev_Acc:0.6480
INFO: 2022-08-04 13:05:25,665 : Epoch 35 of 50 :  	  Step 0 of 40: 	 loss_train: 0.0222 	 loss_classification: 0.0004 	loss_Location: 0.0363
INFO: 2022-08-04 13:06:46,819 : Epoch 35 of 50:  	 Dev_Acc : 0.6480  	 Best_Dev_Acc:0.6480
INFO: 2022-08-04 13:06:50,846 : Epoch 36 of 50 :  	  Step 0 of 40: 	 loss_train: 0.0221 	 loss_classification: 0.0010 	loss_Location: 0.0352
INFO: 2022-08-04 13:08:16,511 : Epoch 36 of 50:  	 Dev_Acc : 0.6400  	 Best_Dev_Acc:0.6480
INFO: 2022-08-04 13:08:21,485 : Epoch 37 of 50 :  	  Step 0 of 40: 	 loss_train: 0.0216 	 loss_classification: 0.0006 	loss_Location: 0.0350
INFO: 2022-08-04 13:09:48,305 : Epoch 37 of 50:  	 Dev_Acc : 0.6380  	 Best_Dev_Acc:0.6480
INFO: 2022-08-04 13:09:52,522 : Epoch 38 of 50 :  	  Step 0 of 40: 	 loss_train: 0.0213 	 loss_classification: 0.0008 	loss_Location: 0.0342
INFO: 2022-08-04 13:11:18,871 : Epoch 38 of 50:  	 Dev_Acc : 0.6280  	 Best_Dev_Acc:0.6480
INFO: 2022-08-04 13:11:25,077 : Epoch 39 of 50 :  	  Step 0 of 40: 	 loss_train: 0.0205 	 loss_classification: 0.0004 	loss_Location: 0.0334
INFO: 2022-08-04 13:12:55,327 : Epoch 39 of 50:  	 Dev_Acc : 0.6320  	 Best_Dev_Acc:0.6480
INFO: 2022-08-04 13:12:58,983 : Epoch 40 of 50 :  	  Step 0 of 40: 	 loss_train: 0.0204 	 loss_classification: 0.0004 	loss_Location: 0.0333
INFO: 2022-08-04 13:14:23,654 : Epoch 40 of 50:  	 Dev_Acc : 0.6380  	 Best_Dev_Acc:0.6480
INFO: 2022-08-04 13:14:28,302 : Epoch 41 of 50 :  	  Step 0 of 40: 	 loss_train: 0.0205 	 loss_classification: 0.0006 	loss_Location: 0.0331
INFO: 2022-08-04 13:15:53,284 : Epoch 41 of 50:  	 Dev_Acc : 0.6360  	 Best_Dev_Acc:0.6480
INFO: 2022-08-04 13:15:57,720 : Epoch 42 of 50 :  	  Step 0 of 40: 	 loss_train: 0.0200 	 loss_classification: 0.0004 	loss_Location: 0.0328
INFO: 2022-08-04 13:17:23,656 : Epoch 42 of 50:  	 Dev_Acc : 0.6400  	 Best_Dev_Acc:0.6480
INFO: 2022-08-04 13:17:28,003 : Epoch 43 of 50 :  	  Step 0 of 40: 	 loss_train: 0.0213 	 loss_classification: 0.0019 	loss_Location: 0.0324
INFO: 2022-08-04 13:18:54,611 : Epoch 43 of 50:  	 Dev_Acc : 0.6240  	 Best_Dev_Acc:0.6480
INFO: 2022-08-04 13:18:58,660 : Epoch 44 of 50 :  	  Step 0 of 40: 	 loss_train: 0.0204 	 loss_classification: 0.0010 	loss_Location: 0.0324
INFO: 2022-08-04 13:20:25,571 : Epoch 44 of 50:  	 Dev_Acc : 0.6300  	 Best_Dev_Acc:0.6480
INFO: 2022-08-04 13:20:30,332 : Epoch 45 of 50 :  	  Step 0 of 40: 	 loss_train: 0.0195 	 loss_classification: 0.0005 	loss_Location: 0.0317
INFO: 2022-08-04 13:21:56,708 : Epoch 45 of 50:  	 Dev_Acc : 0.6480  	 Best_Dev_Acc:0.6480
INFO: 2022-08-04 13:22:01,534 : Epoch 46 of 50 :  	  Step 0 of 40: 	 loss_train: 0.0195 	 loss_classification: 0.0003 	loss_Location: 0.0320
INFO: 2022-08-04 13:23:24,387 : Epoch 46 of 50:  	 Dev_Acc : 0.6380  	 Best_Dev_Acc:0.6480
INFO: 2022-08-04 13:23:29,051 : Epoch 47 of 50 :  	  Step 0 of 40: 	 loss_train: 0.0193 	 loss_classification: 0.0003 	loss_Location: 0.0317
INFO: 2022-08-04 13:24:54,890 : Epoch 47 of 50:  	 Dev_Acc : 0.6360  	 Best_Dev_Acc:0.6480
INFO: 2022-08-04 13:24:59,451 : Epoch 48 of 50 :  	  Step 0 of 40: 	 loss_train: 0.0210 	 loss_classification: 0.0023 	loss_Location: 0.0313
INFO: 2022-08-04 13:26:26,599 : Epoch 48 of 50:  	 Dev_Acc : 0.6300  	 Best_Dev_Acc:0.6480
INFO: 2022-08-04 13:26:31,160 : Epoch 49 of 50 :  	  Step 0 of 40: 	 loss_train: 0.0190 	 loss_classification: 0.0004 	loss_Location: 0.0309
INFO: 2022-08-04 13:27:57,853 : Epoch 49 of 50:  	 Dev_Acc : 0.6340  	 Best_Dev_Acc:0.6480
INFO: 2022-08-04 13:27:57,854 : Few-shot model start finish!
INFO: 2022-08-04 13:27:57,854 : ----------------------------------------------------------------------------------------------------experiment finish!----------------------------------------------------------------------------------------------------
INFO: 2022-08-04 13:27:57,909 : Sample FSL classes:   
INFO: 2022-08-04 13:27:57,909 : [0, 14, 10, 11, 1]
INFO: 2022-08-04 13:27:58,049 : Few-shot model start training...
INFO: 2022-08-04 13:28:02,066 : Epoch 0 of 50 :  	  Step 0 of 40: 	 loss_train: 0.5661 	 loss_classification: 0.1769 	loss_Location: 0.6487
INFO: 2022-08-04 13:29:11,828 : Epoch 0 of 50:  	 Dev_Acc : 0.8080  	 Best_Dev_Acc:0.8080
INFO: 2022-08-04 13:29:15,745 : Epoch 1 of 50 :  	  Step 0 of 40: 	 loss_train: 0.3237 	 loss_classification: 0.0038 	loss_Location: 0.5331
INFO: 2022-08-04 13:30:18,824 : Epoch 1 of 50:  	 Dev_Acc : 0.8140  	 Best_Dev_Acc:0.8140
INFO: 2022-08-04 13:30:22,717 : Epoch 2 of 50 :  	  Step 0 of 40: 	 loss_train: 0.2556 	 loss_classification: 0.0014 	loss_Location: 0.4236
INFO: 2022-08-04 13:31:27,013 : Epoch 2 of 50:  	 Dev_Acc : 0.8060  	 Best_Dev_Acc:0.8140
INFO: 2022-08-04 13:31:30,439 : Epoch 3 of 50 :  	  Step 0 of 40: 	 loss_train: 0.2119 	 loss_classification: 0.0076 	loss_Location: 0.3404
INFO: 2022-08-04 13:32:37,326 : Epoch 3 of 50:  	 Dev_Acc : 0.7860  	 Best_Dev_Acc:0.8140
INFO: 2022-08-04 13:32:40,864 : Epoch 4 of 50 :  	  Step 0 of 40: 	 loss_train: 0.1713 	 loss_classification: 0.0023 	loss_Location: 0.2816
INFO: 2022-08-04 13:33:52,365 : Epoch 4 of 50:  	 Dev_Acc : 0.8020  	 Best_Dev_Acc:0.8140
INFO: 2022-08-04 13:33:55,835 : Epoch 5 of 50 :  	  Step 0 of 40: 	 loss_train: 0.1424 	 loss_classification: 0.0015 	loss_Location: 0.2348
INFO: 2022-08-04 13:35:01,761 : Epoch 5 of 50:  	 Dev_Acc : 0.7880  	 Best_Dev_Acc:0.8140
INFO: 2022-08-04 13:35:05,387 : Epoch 6 of 50 :  	  Step 0 of 40: 	 loss_train: 0.1199 	 loss_classification: 0.0005 	loss_Location: 0.1990
INFO: 2022-08-04 13:36:15,384 : Epoch 6 of 50:  	 Dev_Acc : 0.8160  	 Best_Dev_Acc:0.8160
INFO: 2022-08-04 13:36:19,012 : Epoch 7 of 50 :  	  Step 0 of 40: 	 loss_train: 0.1043 	 loss_classification: 0.0011 	loss_Location: 0.1720
INFO: 2022-08-04 13:37:25,243 : Epoch 7 of 50:  	 Dev_Acc : 0.8180  	 Best_Dev_Acc:0.8180
INFO: 2022-08-04 13:37:28,850 : Epoch 8 of 50 :  	  Step 0 of 40: 	 loss_train: 0.0910 	 loss_classification: 0.0012 	loss_Location: 0.1496
INFO: 2022-08-04 13:38:35,547 : Epoch 8 of 50:  	 Dev_Acc : 0.8000  	 Best_Dev_Acc:0.8180
INFO: 2022-08-04 13:38:39,074 : Epoch 9 of 50 :  	  Step 0 of 40: 	 loss_train: 0.0800 	 loss_classification: 0.0003 	loss_Location: 0.1327
INFO: 2022-08-04 13:39:44,845 : Epoch 9 of 50:  	 Dev_Acc : 0.8060  	 Best_Dev_Acc:0.8180
INFO: 2022-08-04 13:39:48,351 : Epoch 10 of 50 :  	  Step 0 of 40: 	 loss_train: 0.0773 	 loss_classification: 0.0071 	loss_Location: 0.1170
INFO: 2022-08-04 13:40:55,320 : Epoch 10 of 50:  	 Dev_Acc : 0.8160  	 Best_Dev_Acc:0.8180
INFO: 2022-08-04 13:40:59,296 : Epoch 11 of 50 :  	  Step 0 of 40: 	 loss_train: 0.0633 	 loss_classification: 0.0004 	loss_Location: 0.1050
INFO: 2022-08-04 13:42:07,097 : Epoch 11 of 50:  	 Dev_Acc : 0.7960  	 Best_Dev_Acc:0.8180
INFO: 2022-08-04 13:42:11,528 : Epoch 12 of 50 :  	  Step 0 of 40: 	 loss_train: 0.0593 	 loss_classification: 0.0017 	loss_Location: 0.0959
INFO: 2022-08-04 13:43:20,639 : Epoch 12 of 50:  	 Dev_Acc : 0.8100  	 Best_Dev_Acc:0.8180
INFO: 2022-08-04 13:43:24,158 : Epoch 13 of 50 :  	  Step 0 of 40: 	 loss_train: 0.0530 	 loss_classification: 0.0008 	loss_Location: 0.0869
INFO: 2022-08-04 13:44:31,110 : Epoch 13 of 50:  	 Dev_Acc : 0.8000  	 Best_Dev_Acc:0.8180
INFO: 2022-08-04 13:44:35,140 : Epoch 14 of 50 :  	  Step 0 of 40: 	 loss_train: 0.0489 	 loss_classification: 0.0006 	loss_Location: 0.0805
INFO: 2022-08-04 13:45:44,297 : Epoch 14 of 50:  	 Dev_Acc : 0.8020  	 Best_Dev_Acc:0.8180
INFO: 2022-08-04 13:45:47,647 : Epoch 15 of 50 :  	  Step 0 of 40: 	 loss_train: 0.0448 	 loss_classification: 0.0008 	loss_Location: 0.0733
INFO: 2022-08-04 13:46:56,584 : Epoch 15 of 50:  	 Dev_Acc : 0.8000  	 Best_Dev_Acc:0.8180
INFO: 2022-08-04 13:46:59,804 : Epoch 16 of 50 :  	  Step 0 of 40: 	 loss_train: 0.0414 	 loss_classification: 0.0004 	loss_Location: 0.0685
